2024/05/22 19:01:51.136107 app/app.go:178 | TRACE | trace
2024/05/22 19:01:51.156278 app/app.go:179 | DEBUG | debug
2024/05/22 19:01:51.156278 app/app.go:180 | INFO | info
2024/05/22 19:01:51.156278 app/app.go:181 | WARNING | warning
2024/05/22 19:01:51.156278 app/app.go:182 | ERROR | error
2024/05/22 19:01:51.156800 app/app.go:192 | INFO | storage type: postgre
2024/05/22 19:01:51.231050 New app failed. Err: app.NewApp
 with an error/in: app.domainStorageInstance
 with an error/in: postgre.NewStorage
 with an error/in: failed to connect to `host=127.0.0.1 user=postgres database=domain`: server error (ÂÀÆÍÎ: áàçà äàííûõ "domain" íå ñóùåñòâóåò (SQLSTATE 3D000))
2024/05/25 00:28:45.349829 app/app.go:178 | TRACE | trace
2024/05/25 00:28:45.370328 app/app.go:179 | DEBUG | debug
2024/05/25 00:28:45.370328 app/app.go:180 | INFO | info
2024/05/25 00:28:45.370328 app/app.go:181 | WARNING | warning
2024/05/25 00:28:45.370328 app/app.go:182 | ERROR | error
2024/05/25 00:28:45.370328 app/app.go:192 | INFO | storage type: postgre
2024/05/25 00:28:45.607582 New app failed. Err: app.NewApp
 with an error/in: app.domainStorageInstance
 with an error/in: postgre.NewStorage
 with an error/in: failed to connect to `host=127.0.0.1 user=postgres database=domain`: server error (ÂÀÆÍÎ: áàçà äàííûõ "domain" íå ñóùåñòâóåò (SQLSTATE 3D000))
2024/05/25 15:16:32.960423 app/app.go:178 | TRACE | trace
2024/05/25 15:16:32.980425 app/app.go:179 | DEBUG | debug
2024/05/25 15:16:32.980425 app/app.go:180 | INFO | info
2024/05/25 15:16:32.980425 app/app.go:181 | WARNING | warning
2024/05/25 15:16:32.980425 app/app.go:182 | ERROR | error
2024/05/25 15:16:32.980425 app/app.go:192 | INFO | storage type: postgre
2024/05/25 15:16:33.043423 New app failed. Err: app.NewApp
 with an error/in: app.domainStorageInstance
 with an error/in: postgre.NewStorage
 with an error/in: failed to connect to `host=127.0.0.1 user=postgres database=domain`: server error (ÂÀÆÍÎ: áàçà äàííûõ "domain" íå ñóùåñòâóåò (SQLSTATE 3D000))
2024/05/25 22:28:22.455155 app/app.go:178 | TRACE | trace
2024/05/25 22:28:22.491038 app/app.go:179 | DEBUG | debug
2024/05/25 22:28:22.491038 app/app.go:180 | INFO | info
2024/05/25 22:28:22.491038 app/app.go:181 | WARNING | warning
2024/05/25 22:28:22.491038 app/app.go:182 | ERROR | error
2024/05/25 22:28:22.491038 app/app.go:192 | INFO | storage type: postgre
2024/05/25 22:28:22.589951 New app failed. Err: app.NewApp
 with an error/in: app.domainStorageInstance
 with an error/in: postgre.NewStorage
 with an error/in: failed to connect to `host=127.0.0.1 user=postgres database=domain`: server error (ÂÀÆÍÎ: áàçà äàííûõ "domain" íå ñóùåñòâóåò (SQLSTATE 3D000))
2024/05/25 22:32:54.047456 app/app.go:178 | TRACE | trace
2024/05/25 22:32:54.067204 app/app.go:179 | DEBUG | debug
2024/05/25 22:32:54.067204 app/app.go:180 | INFO | info
2024/05/25 22:32:54.067204 app/app.go:181 | WARNING | warning
2024/05/25 22:32:54.067204 app/app.go:182 | ERROR | error
2024/05/25 22:32:54.067204 app/app.go:192 | INFO | storage type: postgre
2024/05/25 22:32:54.124902 postgre/background.go:34 | TRACE | max query count: 2
2024/05/25 22:32:54.124902 postgre/background.go:35 | TRACE | max worker count: 2
2024/05/25 22:32:54.171386 postgre/background.go:50 | INFO | background storage has captured [2] conns
2024/05/25 22:32:54.221196 firstStart/firstStart.go:63 | DEBUG | path to images for deleted users: d:\education\my\pl_go\geoqq\server\own_services\geoqq_http\assets\firstData\deletedUser
2024/05/25 22:32:54.221196 firstStart/firstStart.go:71 | DEBUG | dir entry [0] has name 0.png
2024/05/25 22:32:54.346001 firstStart/firstStart.go:71 | DEBUG | dir entry [1] has name 1.png
2024/05/25 22:32:54.440497 firstStart/firstStart.go:37 | INFO | avatars for deleted users are inserted
2024/05/25 22:32:54.441032 impl/auth.go:50 | TRACE | access token ttl: 15s
2024/05/25 22:32:54.441032 impl/auth.go:51 | TRACE | refresh token ttl: 168h0m0s
2024/05/25 22:32:54.441032 impl/authValidators.go:27 | INFO | login pattern: ^\w{6,32}$
2024/05/25 22:32:54.441032 impl/authValidators.go:27 | INFO | password pattern: ^\S{8,}$
2024/05/25 22:32:54.469699 impl/userProfileValidators.go:26 | INFO | username pattern: ^.{6,50}$
[GIN-debug] [WARNING] Creating an Engine instance with the Logger and Recovery middleware already attached.

[GIN-debug] [WARNING] Running in "debug" mode. Switch to "release" mode in production.
 - using env:	export GIN_MODE=release
 - using code:	gin.SetMode(gin.ReleaseMode)

[GIN-debug] GET    /ping                     --> geoqq_http/internal/delivery/http.NewHandler.func1 (3 handlers)
[GIN-debug] POST   /api/sign-in              --> geoqq_http/internal/delivery/http/api.(*Handler).postSignIn-fm (5 handlers)
[GIN-debug] POST   /api/sign-up              --> geoqq_http/internal/delivery/http/api.(*Handler).postSignUp-fm (5 handlers)
[GIN-debug] PUT    /api/sign-in              --> geoqq_http/internal/delivery/http/api.(*Handler).putSignIn-fm (5 handlers)
[GIN-debug] GET    /api/mate/chat            --> geoqq_http/internal/delivery/http/api.(*Handler).getMateChats-fm (7 handlers)
[GIN-debug] GET    /api/mate/chat/:id        --> geoqq_http/internal/delivery/http/api.(*Handler).getMateChat-fm (7 handlers)
[GIN-debug] DELETE /api/mate/chat/:id        --> geoqq_http/internal/delivery/http/api.(*Handler).deleteMateChat-fm (7 handlers)
[GIN-debug] GET    /api/mate/chat/:id/message --> geoqq_http/internal/delivery/http/api.(*Handler).getMateChatMessages-fm (8 handlers)
[GIN-debug] POST   /api/mate/chat/:id/message --> geoqq_http/internal/delivery/http/api.(*Handler).postMateChatMessage-fm (7 handlers)
[GIN-debug] GET    /api/mate/request         --> geoqq_http/internal/delivery/http/api.(*Handler).getMateRequests-fm (7 handlers)
[GIN-debug] GET    /api/mate/request/count   --> geoqq_http/internal/delivery/http/api.(*Handler).getMateRequestCount-fm (6 handlers)
[GIN-debug] POST   /api/mate/request         --> geoqq_http/internal/delivery/http/api.(*Handler).postMateRequest-fm (7 handlers)
[GIN-debug] PUT    /api/mate/request/:id     --> geoqq_http/internal/delivery/http/api.(*Handler).putMateRequest-fm (6 handlers)
[GIN-debug] GET    /api/my-profile           --> geoqq_http/internal/delivery/http/api.(*Handler).getMyProfile-fm (6 handlers)
[GIN-debug] PUT    /api/my-profile           --> geoqq_http/internal/delivery/http/api.(*Handler).putMyProfile-fm (8 handlers)
[GIN-debug] PUT    /api/my-profile/with-attached-avatar --> geoqq_http/internal/delivery/http/api.(*Handler).putMyProfileWithAttachedAvatar-fm (8 handlers)
[GIN-debug] DELETE /api/my-profile           --> geoqq_http/internal/delivery/http/api.(*Handler).deleteMyProfile-fm (6 handlers)
[GIN-debug] GET    /api/user/:id             --> geoqq_http/internal/delivery/http/api.(*Handler).getUser-fm (6 handlers)
[GIN-debug] POST   /api/user                 --> geoqq_http/internal/delivery/http/api.(*Handler).getSomeUsers-fm (7 handlers)
[GIN-debug] GET    /api/image/:id            --> geoqq_http/internal/delivery/http/api.(*Handler).getImage-fm (6 handlers)
[GIN-debug] POST   /api/image                --> geoqq_http/internal/delivery/http/api.(*Handler).postForGetSomeImages-fm (7 handlers)
[GIN-debug] POST   /api/image/new            --> geoqq_http/internal/delivery/http/api.(*Handler).postNewImage-fm (7 handlers)
[GIN-debug] GET    /api/geo/chat/message     --> geoqq_http/internal/delivery/http/api.(*Handler).getGeoChatMessages-fm (9 handlers)
[GIN-debug] GET    /api/geo/chat/message/all --> geoqq_http/internal/delivery/http/api.(*Handler).getGeoChatAllMessages-fm (8 handlers)
[GIN-debug] POST   /api/geo/chat/message     --> geoqq_http/internal/delivery/http/api.(*Handler).postGeoChatMessage-fm (7 handlers)
2024/05/25 22:32:54.470207 cmd/main.go:63 | INFO | Server Is Running
2024/05/25 22:33:11.376473 impl/authAsserts.go:57 | WARNING | cache disabled
2024/05/25 22:33:11.581190 impl/auth.go:98 | WARNING | cache disabled
2024/05/25 22:33:11.581522 api/auth.go:56 | WARNING | impl.(*AuthService).SignIn-fm
 with an error/in: incorrect login or password
	guilty side: 2 (client),
	client code: 1404
[GIN] 2024/05/25 - 22:33:11 | 400 |    205.0487ms |       127.0.0.1 | POST     "/api/sign-in"
2024/05/25 22:33:11.584775 impl/authAsserts.go:57 | WARNING | cache disabled
2024/05/25 22:33:11.630281 impl/auth.go:98 | WARNING | cache disabled
2024/05/25 22:33:11.630633 api/auth.go:56 | WARNING | impl.(*AuthService).SignIn-fm
 with an error/in: incorrect login or password
	guilty side: 2 (client),
	client code: 1404
[GIN] 2024/05/25 - 22:33:11 | 400 |     46.5959ms |       127.0.0.1 | POST     "/api/sign-in"
2024/05/25 22:33:11.631699 impl/authAsserts.go:57 | WARNING | cache disabled
2024/05/25 22:33:11.676636 impl/auth.go:98 | WARNING | cache disabled
2024/05/25 22:33:11.676994 api/auth.go:56 | WARNING | impl.(*AuthService).SignIn-fm
 with an error/in: incorrect login or password
	guilty side: 2 (client),
	client code: 1404
[GIN] 2024/05/25 - 22:33:11 | 400 |      45.853ms |       127.0.0.1 | POST     "/api/sign-in"
2024/05/25 22:33:11.678035 impl/authAsserts.go:57 | WARNING | cache disabled
2024/05/25 22:33:11.724405 impl/auth.go:98 | WARNING | cache disabled
2024/05/25 22:33:11.724666 api/auth.go:56 | WARNING | impl.(*AuthService).SignIn-fm
 with an error/in: incorrect login or password
	guilty side: 2 (client),
	client code: 1404
[GIN] 2024/05/25 - 22:33:11 | 400 |     47.1497ms |       127.0.0.1 | POST     "/api/sign-in"
2024/05/25 22:33:11.725796 impl/authAsserts.go:57 | WARNING | cache disabled
2024/05/25 22:33:11.770936 impl/auth.go:98 | WARNING | cache disabled
2024/05/25 22:33:11.771264 api/auth.go:56 | WARNING | impl.(*AuthService).SignIn-fm
 with an error/in: incorrect login or password
	guilty side: 2 (client),
	client code: 1404
[GIN] 2024/05/25 - 22:33:11 | 400 |     46.0918ms |       127.0.0.1 | POST     "/api/sign-in"
2024/05/25 22:33:11.771780 impl/authAsserts.go:57 | WARNING | cache disabled
2024/05/25 22:33:11.816992 impl/auth.go:98 | WARNING | cache disabled
2024/05/25 22:33:11.817351 api/auth.go:56 | WARNING | impl.(*AuthService).SignIn-fm
 with an error/in: incorrect login or password
	guilty side: 2 (client),
	client code: 1404
[GIN] 2024/05/25 - 22:33:11 | 400 |     45.5712ms |       127.0.0.1 | POST     "/api/sign-in"
2024/05/25 22:33:11.818392 impl/authAsserts.go:57 | WARNING | cache disabled
2024/05/25 22:33:11.862758 impl/auth.go:98 | WARNING | cache disabled
2024/05/25 22:33:11.863203 api/auth.go:56 | WARNING | impl.(*AuthService).SignIn-fm
 with an error/in: incorrect login or password
	guilty side: 2 (client),
	client code: 1404
[GIN] 2024/05/25 - 22:33:11 | 400 |     45.3417ms |       127.0.0.1 | POST     "/api/sign-in"
2024/05/25 22:33:11.864371 impl/authAsserts.go:57 | WARNING | cache disabled
2024/05/25 22:33:11.910410 impl/auth.go:98 | WARNING | cache disabled
2024/05/25 22:33:11.910687 api/auth.go:56 | WARNING | impl.(*AuthService).SignIn-fm
 with an error/in: incorrect login or password
	guilty side: 2 (client),
	client code: 1404
[GIN] 2024/05/25 - 22:33:11 | 400 |     46.9769ms |       127.0.0.1 | POST     "/api/sign-in"
2024/05/25 22:33:11.911672 impl/authAsserts.go:57 | WARNING | cache disabled
2024/05/25 22:33:11.956435 impl/auth.go:98 | WARNING | cache disabled
2024/05/25 22:33:11.956435 api/auth.go:56 | WARNING | impl.(*AuthService).SignIn-fm
 with an error/in: incorrect login or password
	guilty side: 2 (client),
	client code: 1404
[GIN] 2024/05/25 - 22:33:11 | 400 |     45.2432ms |       127.0.0.1 | POST     "/api/sign-in"
2024/05/25 22:33:11.958006 impl/authAsserts.go:57 | WARNING | cache disabled
2024/05/25 22:33:12.003131 impl/auth.go:98 | WARNING | cache disabled
2024/05/25 22:33:12.003400 api/auth.go:56 | WARNING | impl.(*AuthService).SignIn-fm
 with an error/in: incorrect login or password
	guilty side: 2 (client),
	client code: 1404
[GIN] 2024/05/25 - 22:33:12 | 400 |     45.3941ms |       127.0.0.1 | POST     "/api/sign-in"
2024/05/25 22:33:12.004390 impl/authAsserts.go:57 | WARNING | cache disabled
2024/05/25 22:33:12.049750 impl/auth.go:98 | WARNING | cache disabled
2024/05/25 22:33:12.050073 api/auth.go:56 | WARNING | impl.(*AuthService).SignIn-fm
 with an error/in: incorrect login or password
	guilty side: 2 (client),
	client code: 1404
[GIN] 2024/05/25 - 22:33:12 | 400 |     46.1671ms |       127.0.0.1 | POST     "/api/sign-in"
2024/05/25 22:33:12.051063 impl/authAsserts.go:57 | WARNING | cache disabled
2024/05/25 22:33:12.095882 impl/auth.go:98 | WARNING | cache disabled
2024/05/25 22:33:12.096201 api/auth.go:56 | WARNING | impl.(*AuthService).SignIn-fm
 with an error/in: incorrect login or password
	guilty side: 2 (client),
	client code: 1404
[GIN] 2024/05/25 - 22:33:12 | 400 |      45.622ms |       127.0.0.1 | POST     "/api/sign-in"
2024/05/25 22:33:12.097287 api/response.go:34 | WARNING | empty request parameter
[GIN] 2024/05/25 - 22:33:12 | 400 |       579.5Âµs |       127.0.0.1 | POST     "/api/sign-in"
2024/05/25 22:33:12.097794 api/response.go:34 | WARNING | empty request parameter
[GIN] 2024/05/25 - 22:33:12 | 400 |       399.2Âµs |       127.0.0.1 | POST     "/api/sign-in"
2024/05/25 22:33:12.098788 api/auth.go:56 | WARNING | impl.(*AuthService).SignIn-fm
 with an error/in: incorrect password
	guilty side: 2 (client),
	client code: 1401
[GIN] 2024/05/25 - 22:33:12 | 400 |        87.7Âµs |       127.0.0.1 | POST     "/api/sign-in"
2024/05/25 22:33:12.099295 api/auth.go:56 | WARNING | impl.(*AuthService).SignIn-fm
 with an error/in: incorrect password
	guilty side: 2 (client),
	client code: 1401
[GIN] 2024/05/25 - 22:33:12 | 400 |       196.5Âµs |       127.0.0.1 | POST     "/api/sign-in"
2024/05/25 22:33:12.099997 api/auth.go:56 | WARNING | impl.(*AuthService).SignIn-fm
 with an error/in: incorrect password
	guilty side: 2 (client),
	client code: 1401
[GIN] 2024/05/25 - 22:33:12 | 400 |       157.1Âµs |       127.0.0.1 | POST     "/api/sign-in"
2024/05/25 22:33:12.100661 api/response.go:34 | WARNING | empty request parameter
[GIN] 2024/05/25 - 22:33:12 | 400 |       141.5Âµs |       127.0.0.1 | POST     "/api/sign-in"
2024/05/25 22:33:12.100802 api/response.go:34 | WARNING | empty request parameter
[GIN] 2024/05/25 - 22:33:12 | 400 |       506.2Âµs |       127.0.0.1 | POST     "/api/sign-in"
2024/05/25 22:33:12.101847 api/response.go:34 | WARNING | empty request parameter
[GIN] 2024/05/25 - 22:33:12 | 400 |            0s |       127.0.0.1 | POST     "/api/sign-in"
2024/05/25 22:33:21.328727 impl/authAsserts.go:76 | WARNING | cache disabled
2024/05/25 22:33:21.523068 impl/auth.go:176 | WARNING | cache disabled
2024/05/25 22:33:21.524947 api/response.go:14 | TRACE | {{eyJhbGciOiJIUzI1NiIsInR5cCI6IkpXVCJ9.eyJleHAiOjE3MTY2NTEyMTYsInVzZXItaWQiOjEsInB1cnBvc2UiOjF9.Y2nqS3fm8VxUdxnShM2OGPDpCojGyS7J7-AhRDA7hKM eyJhbGciOiJIUzI1NiIsInR5cCI6IkpXVCJ9.eyJleHAiOjE3MTcyNTYwMDEsInVzZXItaWQiOjEsInB1cnBvc2UiOjJ9.zHZ8Q-AM0Q_V7K2rcOAbdTvU6yufIX1VE3IHxKBRfYI}}
[GIN] 2024/05/25 - 22:33:21 | 200 |    196.5233ms |       127.0.0.1 | POST     "/api/sign-up"
2024/05/25 22:33:21.525755 impl/authAsserts.go:76 | WARNING | cache disabled
2024/05/25 22:33:21.646985 impl/auth.go:176 | WARNING | cache disabled
2024/05/25 22:33:21.647300 api/response.go:14 | TRACE | {{eyJhbGciOiJIUzI1NiIsInR5cCI6IkpXVCJ9.eyJleHAiOjE3MTY2NTEyMTYsInVzZXItaWQiOjIsInB1cnBvc2UiOjF9.1ZliTJhknUJIB4rdvtxhCjqEnPENkdghSzwRWhWgG64 eyJhbGciOiJIUzI1NiIsInR5cCI6IkpXVCJ9.eyJleHAiOjE3MTcyNTYwMDEsInVzZXItaWQiOjIsInB1cnBvc2UiOjJ9.wpxGrJ-h9LenorAICZaeFES9C32g5hh6qvoPgAFkMjM}}
[GIN] 2024/05/25 - 22:33:21 | 200 |     121.545ms |       127.0.0.1 | POST     "/api/sign-up"
2024/05/25 22:33:21.648332 impl/authAsserts.go:76 | WARNING | cache disabled
2024/05/25 22:33:21.760713 impl/auth.go:176 | WARNING | cache disabled
2024/05/25 22:33:21.761020 api/response.go:14 | TRACE | {{eyJhbGciOiJIUzI1NiIsInR5cCI6IkpXVCJ9.eyJleHAiOjE3MTY2NTEyMTYsInVzZXItaWQiOjMsInB1cnBvc2UiOjF9.Z_aVZHX6YbwUZd-Oa0eVTd5XLl11OxZUxMobCC6Yz-4 eyJhbGciOiJIUzI1NiIsInR5cCI6IkpXVCJ9.eyJleHAiOjE3MTcyNTYwMDEsInVzZXItaWQiOjMsInB1cnBvc2UiOjJ9.lSdBkYaFXj2zP-TWyUzeIWb79wF4PpWh5iSEP7rL2aI}}
[GIN] 2024/05/25 - 22:33:21 | 200 |    113.2095ms |       127.0.0.1 | POST     "/api/sign-up"
2024/05/25 22:33:21.762047 impl/authAsserts.go:76 | WARNING | cache disabled
2024/05/25 22:33:21.897319 impl/auth.go:176 | WARNING | cache disabled
2024/05/25 22:33:21.897844 api/response.go:14 | TRACE | {{eyJhbGciOiJIUzI1NiIsInR5cCI6IkpXVCJ9.eyJleHAiOjE3MTY2NTEyMTYsInVzZXItaWQiOjQsInB1cnBvc2UiOjF9.sEt2J9vHD-GyUIx-LjDCnzvEZ0NQD4epyfKXxS5h1M0 eyJhbGciOiJIUzI1NiIsInR5cCI6IkpXVCJ9.eyJleHAiOjE3MTcyNTYwMDEsInVzZXItaWQiOjQsInB1cnBvc2UiOjJ9.WiSyLrAqxV2KE7loqy-nua2-HxexKCmRp_NDJZsYFfk}}
[GIN] 2024/05/25 - 22:33:21 | 200 |    135.7971ms |       127.0.0.1 | POST     "/api/sign-up"
2024/05/25 22:33:21.898893 impl/authAsserts.go:76 | WARNING | cache disabled
2024/05/25 22:33:22.030046 impl/auth.go:176 | WARNING | cache disabled
2024/05/25 22:33:22.030645 api/response.go:14 | TRACE | {{eyJhbGciOiJIUzI1NiIsInR5cCI6IkpXVCJ9.eyJleHAiOjE3MTY2NTEyMTcsInVzZXItaWQiOjUsInB1cnBvc2UiOjF9.wI8khlGQW4GKqxZAqVcWW0JIDfFMILsM2ZuF2Q2oE2I eyJhbGciOiJIUzI1NiIsInR5cCI6IkpXVCJ9.eyJleHAiOjE3MTcyNTYwMDIsInVzZXItaWQiOjUsInB1cnBvc2UiOjJ9.mIiIWxRVs2Qv62kCCnwrA-lXT4owJcBTVePqhOhjc9I}}
[GIN] 2024/05/25 - 22:33:22 | 200 |    131.7521ms |       127.0.0.1 | POST     "/api/sign-up"
2024/05/25 22:33:22.031673 impl/authAsserts.go:76 | WARNING | cache disabled
2024/05/25 22:33:22.176976 impl/auth.go:176 | WARNING | cache disabled
2024/05/25 22:33:22.176976 api/response.go:14 | TRACE | {{eyJhbGciOiJIUzI1NiIsInR5cCI6IkpXVCJ9.eyJleHAiOjE3MTY2NTEyMTcsInVzZXItaWQiOjYsInB1cnBvc2UiOjF9.xe6R0CKMlxeVtWjzT6EvapSpQSiEQ8v2humONaHT35o eyJhbGciOiJIUzI1NiIsInR5cCI6IkpXVCJ9.eyJleHAiOjE3MTcyNTYwMDIsInVzZXItaWQiOjYsInB1cnBvc2UiOjJ9.pHnGXDcohdXaNVoL61nsu9gHSfBGnUBaKxk4EneI2GU}}
[GIN] 2024/05/25 - 22:33:22 | 200 |    145.3033ms |       127.0.0.1 | POST     "/api/sign-up"
2024/05/25 22:33:22.177977 impl/authAsserts.go:76 | WARNING | cache disabled
2024/05/25 22:33:22.300207 impl/auth.go:176 | WARNING | cache disabled
2024/05/25 22:33:22.300725 api/response.go:14 | TRACE | {{eyJhbGciOiJIUzI1NiIsInR5cCI6IkpXVCJ9.eyJleHAiOjE3MTY2NTEyMTcsInVzZXItaWQiOjcsInB1cnBvc2UiOjF9.nPPDJe3ra5WPZ87MtWw8ajyKGhQmdh0P3gVmO1xkiUk eyJhbGciOiJIUzI1NiIsInR5cCI6IkpXVCJ9.eyJleHAiOjE3MTcyNTYwMDIsInVzZXItaWQiOjcsInB1cnBvc2UiOjJ9.rmUmTqSbSc-Ug-jFTTQcTPd1PKYb53LV7jtDuXACZcY}}
[GIN] 2024/05/25 - 22:33:22 | 200 |    122.7482ms |       127.0.0.1 | POST     "/api/sign-up"
2024/05/25 22:33:22.302298 impl/authAsserts.go:76 | WARNING | cache disabled
2024/05/25 22:33:22.431418 impl/auth.go:176 | WARNING | cache disabled
2024/05/25 22:33:22.431944 api/response.go:14 | TRACE | {{eyJhbGciOiJIUzI1NiIsInR5cCI6IkpXVCJ9.eyJleHAiOjE3MTY2NTEyMTcsInVzZXItaWQiOjgsInB1cnBvc2UiOjF9.h5tS623Z4WyQqdYGrL9C9v5414UJfMm42XpEpfWRDtY eyJhbGciOiJIUzI1NiIsInR5cCI6IkpXVCJ9.eyJleHAiOjE3MTcyNTYwMDIsInVzZXItaWQiOjgsInB1cnBvc2UiOjJ9.K0pi1xgPW3MG8M-mH9X9kqM0R9azrM8fvS0DV2DYEOI}}
[GIN] 2024/05/25 - 22:33:22 | 200 |    130.1675ms |       127.0.0.1 | POST     "/api/sign-up"
2024/05/25 22:33:22.432993 impl/authAsserts.go:76 | WARNING | cache disabled
2024/05/25 22:33:22.552075 impl/auth.go:176 | WARNING | cache disabled
2024/05/25 22:33:22.552594 api/response.go:14 | TRACE | {{eyJhbGciOiJIUzI1NiIsInR5cCI6IkpXVCJ9.eyJleHAiOjE3MTY2NTEyMTcsInVzZXItaWQiOjksInB1cnBvc2UiOjF9.WsiqxGPSkc78JgYiNo-SFWS66-zeFFQ3WnYRxSpXRJs eyJhbGciOiJIUzI1NiIsInR5cCI6IkpXVCJ9.eyJleHAiOjE3MTcyNTYwMDIsInVzZXItaWQiOjksInB1cnBvc2UiOjJ9.weNBGnM4Ie2cDeu8xyZhkOHiyKONo3ivR0cjLkUT93A}}
[GIN] 2024/05/25 - 22:33:22 | 200 |    119.6018ms |       127.0.0.1 | POST     "/api/sign-up"
2024/05/25 22:33:22.553639 impl/authAsserts.go:76 | WARNING | cache disabled
2024/05/25 22:33:22.679501 impl/auth.go:176 | WARNING | cache disabled
2024/05/25 22:33:22.680025 api/response.go:14 | TRACE | {{eyJhbGciOiJIUzI1NiIsInR5cCI6IkpXVCJ9.eyJleHAiOjE3MTY2NTEyMTcsInVzZXItaWQiOjEwLCJwdXJwb3NlIjoxfQ.GCPaFr6oTBxYdQl8EcJSIEeRREClK80TPrWRpAFcVW8 eyJhbGciOiJIUzI1NiIsInR5cCI6IkpXVCJ9.eyJleHAiOjE3MTcyNTYwMDIsInVzZXItaWQiOjEwLCJwdXJwb3NlIjoyfQ.M8P9IlqQ98I23ykUIma1opORXc7uWb77QkUgzdYBU7Y}}
[GIN] 2024/05/25 - 22:33:22 | 200 |    126.3859ms |       127.0.0.1 | POST     "/api/sign-up"
2024/05/25 22:33:22.681076 impl/authAsserts.go:76 | WARNING | cache disabled
2024/05/25 22:33:22.831634 impl/auth.go:176 | WARNING | cache disabled
2024/05/25 22:33:22.832237 api/response.go:14 | TRACE | {{eyJhbGciOiJIUzI1NiIsInR5cCI6IkpXVCJ9.eyJleHAiOjE3MTY2NTEyMTcsInVzZXItaWQiOjExLCJwdXJwb3NlIjoxfQ.EGIHjRRZeXie9EIuTG-ux18uHeJ18KKcavI2uLVylwE eyJhbGciOiJIUzI1NiIsInR5cCI6IkpXVCJ9.eyJleHAiOjE3MTcyNTYwMDIsInVzZXItaWQiOjExLCJwdXJwb3NlIjoyfQ.XZeQwx5hk7TJWWMaGIyRPutrjc8AiGYFvc_AhCTMTq4}}
[GIN] 2024/05/25 - 22:33:22 | 200 |    151.1618ms |       127.0.0.1 | POST     "/api/sign-up"
2024/05/25 22:33:22.833271 api/response.go:34 | WARNING | empty request parameter
[GIN] 2024/05/25 - 22:33:22 | 400 |       402.5Âµs |       127.0.0.1 | POST     "/api/sign-up"
2024/05/25 22:33:22.834179 api/response.go:34 | WARNING | empty request parameter
[GIN] 2024/05/25 - 22:33:22 | 400 |       120.2Âµs |       127.0.0.1 | POST     "/api/sign-up"
2024/05/25 22:33:22.834804 api/response.go:34 | WARNING | empty request parameter
[GIN] 2024/05/25 - 22:33:22 | 400 |          83Âµs |       127.0.0.1 | POST     "/api/sign-up"
2024/05/25 22:33:22.834887 impl/authAsserts.go:76 | WARNING | cache disabled
2024/05/25 22:33:22.835415 api/auth.go:86 | WARNING | impl.(*AuthService).SignUp-fm
 with an error/in: incorrect login. Pattern `^\w{6,32}$`
	guilty side: 2 (client),
	client code: 1401
[GIN] 2024/05/25 - 22:33:22 | 400 |       527.4Âµs |       127.0.0.1 | POST     "/api/sign-up"
2024/05/25 22:33:22.835415 impl/authAsserts.go:76 | WARNING | cache disabled
2024/05/25 22:33:22.835415 api/auth.go:86 | WARNING | impl.(*AuthService).SignUp-fm
 with an error/in: incorrect password
	guilty side: 2 (client),
	client code: 1401
[GIN] 2024/05/25 - 22:33:22 | 400 |            0s |       127.0.0.1 | POST     "/api/sign-up"
2024/05/25 22:33:22.835940 impl/authAsserts.go:76 | WARNING | cache disabled
2024/05/25 22:33:22.835940 api/auth.go:86 | WARNING | impl.(*AuthService).SignUp-fm
 with an error/in: incorrect password
	guilty side: 2 (client),
	client code: 1401
[GIN] 2024/05/25 - 22:33:22 | 400 |            0s |       127.0.0.1 | POST     "/api/sign-up"
2024/05/25 22:33:22.836461 impl/authAsserts.go:76 | WARNING | cache disabled
2024/05/25 22:33:22.836461 api/auth.go:86 | WARNING | impl.(*AuthService).SignUp-fm
 with an error/in: incorrect password
	guilty side: 2 (client),
	client code: 1401
[GIN] 2024/05/25 - 22:33:22 | 400 |            0s |       127.0.0.1 | POST     "/api/sign-up"
2024/05/25 22:33:22.836986 api/response.go:34 | WARNING | empty request parameter
[GIN] 2024/05/25 - 22:33:22 | 400 |            0s |       127.0.0.1 | POST     "/api/sign-up"
2024/05/25 22:33:22.837494 impl/authAsserts.go:76 | WARNING | cache disabled
2024/05/25 22:33:23.004901 impl/auth.go:176 | WARNING | cache disabled
2024/05/25 22:33:23.005219 api/response.go:14 | TRACE | {{eyJhbGciOiJIUzI1NiIsInR5cCI6IkpXVCJ9.eyJleHAiOjE3MTY2NTEyMTgsInVzZXItaWQiOjEyLCJwdXJwb3NlIjoxfQ.opYJJ_C3XZkFIuUo-pd5SzBNkNjyZKCO-bjv4IUAdBc eyJhbGciOiJIUzI1NiIsInR5cCI6IkpXVCJ9.eyJleHAiOjE3MTcyNTYwMDMsInVzZXItaWQiOjEyLCJwdXJwb3NlIjoyfQ.MNUPU8BimIFKq23Wq1Mft-Dm6r2En_hHQyhF4tIy_gA}}
[GIN] 2024/05/25 - 22:33:23 | 200 |    167.7247ms |       127.0.0.1 | POST     "/api/sign-up"
2024/05/25 22:33:23.006272 impl/authAsserts.go:76 | WARNING | cache disabled
2024/05/25 22:33:23.154534 impl/auth.go:176 | WARNING | cache disabled
2024/05/25 22:33:23.155066 api/response.go:14 | TRACE | {{eyJhbGciOiJIUzI1NiIsInR5cCI6IkpXVCJ9.eyJleHAiOjE3MTY2NTEyMTgsInVzZXItaWQiOjEzLCJwdXJwb3NlIjoxfQ.fIVeisA7bxwOGhHCbwQN3gR49_z4YtsWbdFO7WOhddE eyJhbGciOiJIUzI1NiIsInR5cCI6IkpXVCJ9.eyJleHAiOjE3MTcyNTYwMDMsInVzZXItaWQiOjEzLCJwdXJwb3NlIjoyfQ.fMkBn8tGVsyG_czuvyYHWuO5RuP2XONO2xC36rPHAX4}}
[GIN] 2024/05/25 - 22:33:23 | 200 |    148.7939ms |       127.0.0.1 | POST     "/api/sign-up"
2024/05/25 22:33:23.156102 impl/authAsserts.go:76 | WARNING | cache disabled
2024/05/25 22:33:23.314505 impl/auth.go:176 | WARNING | cache disabled
2024/05/25 22:33:23.315089 api/response.go:14 | TRACE | {{eyJhbGciOiJIUzI1NiIsInR5cCI6IkpXVCJ9.eyJleHAiOjE3MTY2NTEyMTgsInVzZXItaWQiOjE0LCJwdXJwb3NlIjoxfQ.cfPW3YLKiunaHCaJ-mdvXE9U4XyldLkgvTYgLdUBpUg eyJhbGciOiJIUzI1NiIsInR5cCI6IkpXVCJ9.eyJleHAiOjE3MTcyNTYwMDMsInVzZXItaWQiOjE0LCJwdXJwb3NlIjoyfQ.XmgHLRoGl2DGtlyldFJjMa446f9MsInsCh4RfjeA1HU}}
[GIN] 2024/05/25 - 22:33:23 | 200 |    159.5107ms |       127.0.0.1 | POST     "/api/sign-up"
2024/05/25 22:33:23.316121 impl/authAsserts.go:76 | WARNING | cache disabled
2024/05/25 22:33:23.433978 impl/auth.go:176 | WARNING | cache disabled
2024/05/25 22:33:23.434294 api/response.go:14 | TRACE | {{eyJhbGciOiJIUzI1NiIsInR5cCI6IkpXVCJ9.eyJleHAiOjE3MTY2NTEyMTgsInVzZXItaWQiOjE1LCJwdXJwb3NlIjoxfQ.YoS_Hk7l4de0fz6itXBgmQghdNJngPDYD-fT-hjh-oo eyJhbGciOiJIUzI1NiIsInR5cCI6IkpXVCJ9.eyJleHAiOjE3MTcyNTYwMDMsInVzZXItaWQiOjE1LCJwdXJwb3NlIjoyfQ.s3JuRwKjwK2p0QkeEwTCpI99Zzxyi3ASQgC3Il_Ud6k}}
[GIN] 2024/05/25 - 22:33:23 | 200 |    118.1728ms |       127.0.0.1 | POST     "/api/sign-up"
2024/05/25 22:33:23.435322 impl/authAsserts.go:76 | WARNING | cache disabled
2024/05/25 22:33:23.583300 impl/auth.go:176 | WARNING | cache disabled
2024/05/25 22:33:23.583613 api/response.go:14 | TRACE | {{eyJhbGciOiJIUzI1NiIsInR5cCI6IkpXVCJ9.eyJleHAiOjE3MTY2NTEyMTgsInVzZXItaWQiOjE2LCJwdXJwb3NlIjoxfQ.1K8OhWNPwdhly3WA0UYMVsXaCvfVy-1a-0xLA9UwfzY eyJhbGciOiJIUzI1NiIsInR5cCI6IkpXVCJ9.eyJleHAiOjE3MTcyNTYwMDMsInVzZXItaWQiOjE2LCJwdXJwb3NlIjoyfQ.1sb1p1LD8jOR4qGu7Ux97JiftYpWw8NrQ5rS2WF7l2U}}
[GIN] 2024/05/25 - 22:33:23 | 200 |     148.291ms |       127.0.0.1 | POST     "/api/sign-up"
2024/05/25 22:33:23.584649 impl/authAsserts.go:76 | WARNING | cache disabled
2024/05/25 22:33:23.705356 impl/auth.go:176 | WARNING | cache disabled
2024/05/25 22:33:23.705716 api/response.go:14 | TRACE | {{eyJhbGciOiJIUzI1NiIsInR5cCI6IkpXVCJ9.eyJleHAiOjE3MTY2NTEyMTgsInVzZXItaWQiOjE3LCJwdXJwb3NlIjoxfQ.DzWggor64H5qCAKxyrmM86Hz7idxCaoUW1Zd62VpkZI eyJhbGciOiJIUzI1NiIsInR5cCI6IkpXVCJ9.eyJleHAiOjE3MTcyNTYwMDMsInVzZXItaWQiOjE3LCJwdXJwb3NlIjoyfQ.xj-B3EmWcPZ2KckHHc2Y1EqI2V9mfFEH1dJa_gP4XNQ}}
[GIN] 2024/05/25 - 22:33:23 | 200 |    121.0676ms |       127.0.0.1 | POST     "/api/sign-up"
2024/05/25 22:33:23.706747 impl/authAsserts.go:76 | WARNING | cache disabled
2024/05/25 22:33:23.852097 impl/auth.go:176 | WARNING | cache disabled
2024/05/25 22:33:23.852678 api/response.go:14 | TRACE | {{eyJhbGciOiJIUzI1NiIsInR5cCI6IkpXVCJ9.eyJleHAiOjE3MTY2NTEyMTgsInVzZXItaWQiOjE4LCJwdXJwb3NlIjoxfQ.tIO4abIc8pSqmzfZ6Pq5yRO987jCbPUYTE0BINiCSuI eyJhbGciOiJIUzI1NiIsInR5cCI6IkpXVCJ9.eyJleHAiOjE3MTcyNTYwMDMsInVzZXItaWQiOjE4LCJwdXJwb3NlIjoyfQ.-TNdHeqKLEm9bIfiAploXenqCiWWvGcKqYn8tzgCj9Q}}
[GIN] 2024/05/25 - 22:33:23 | 200 |    145.9311ms |       127.0.0.1 | POST     "/api/sign-up"
2024/05/25 22:33:23.853187 impl/authAsserts.go:76 | WARNING | cache disabled
2024/05/25 22:33:23.969927 impl/auth.go:176 | WARNING | cache disabled
2024/05/25 22:33:23.970499 api/response.go:14 | TRACE | {{eyJhbGciOiJIUzI1NiIsInR5cCI6IkpXVCJ9.eyJleHAiOjE3MTY2NTEyMTgsInVzZXItaWQiOjE5LCJwdXJwb3NlIjoxfQ.4fv-DHsH7mGr5YR55kesUcobMa2aHEDSQv0Aw_YDTrg eyJhbGciOiJIUzI1NiIsInR5cCI6IkpXVCJ9.eyJleHAiOjE3MTcyNTYwMDMsInVzZXItaWQiOjE5LCJwdXJwb3NlIjoyfQ.WdsOZUcdxJo14ftUZJeg-4GdSPiP7dESt253Ojv6e74}}
[GIN] 2024/05/25 - 22:33:23 | 200 |    117.3118ms |       127.0.0.1 | POST     "/api/sign-up"
2024/05/25 22:33:23.971719 impl/authAsserts.go:76 | WARNING | cache disabled
2024/05/25 22:33:24.106646 impl/auth.go:176 | WARNING | cache disabled
2024/05/25 22:33:24.106994 api/response.go:14 | TRACE | {{eyJhbGciOiJIUzI1NiIsInR5cCI6IkpXVCJ9.eyJleHAiOjE3MTY2NTEyMTksInVzZXItaWQiOjIwLCJwdXJwb3NlIjoxfQ.euEnsUO-LbYXn7bcw2LOAAnEnflSweza8TUQJUhoSe4 eyJhbGciOiJIUzI1NiIsInR5cCI6IkpXVCJ9.eyJleHAiOjE3MTcyNTYwMDQsInVzZXItaWQiOjIwLCJwdXJwb3NlIjoyfQ.AWVyvx5QwhZuyzhdmiW9Jk76uGtTuqUi0FQW9Sa6Y0Y}}
[GIN] 2024/05/25 - 22:33:24 | 200 |    135.2756ms |       127.0.0.1 | POST     "/api/sign-up"
2024/05/25 22:33:24.108020 impl/authAsserts.go:76 | WARNING | cache disabled
2024/05/25 22:33:24.248168 impl/auth.go:176 | WARNING | cache disabled
2024/05/25 22:33:24.248694 api/response.go:14 | TRACE | {{eyJhbGciOiJIUzI1NiIsInR5cCI6IkpXVCJ9.eyJleHAiOjE3MTY2NTEyMTksInVzZXItaWQiOjIxLCJwdXJwb3NlIjoxfQ.bLdbhpZ1kIZ5eIw46Gq9f-FDGpkjLJB9SmnnJyokCnc eyJhbGciOiJIUzI1NiIsInR5cCI6IkpXVCJ9.eyJleHAiOjE3MTcyNTYwMDQsInVzZXItaWQiOjIxLCJwdXJwb3NlIjoyfQ._4bZjnfFVTnl78HPmrsJLNaOyrnmgxhiyaOF5hfUN8Y}}
[GIN] 2024/05/25 - 22:33:24 | 200 |    140.6746ms |       127.0.0.1 | POST     "/api/sign-up"
2024/05/25 22:33:24.249719 impl/authAsserts.go:76 | WARNING | cache disabled
2024/05/25 22:33:24.382149 impl/auth.go:176 | WARNING | cache disabled
2024/05/25 22:33:24.382670 api/response.go:14 | TRACE | {{eyJhbGciOiJIUzI1NiIsInR5cCI6IkpXVCJ9.eyJleHAiOjE3MTY2NTEyMTksInVzZXItaWQiOjIyLCJwdXJwb3NlIjoxfQ.lcgEWwEwkkUDOXiNAaAwIqfouuO86GtRZ-PJU3BYmck eyJhbGciOiJIUzI1NiIsInR5cCI6IkpXVCJ9.eyJleHAiOjE3MTcyNTYwMDQsInVzZXItaWQiOjIyLCJwdXJwb3NlIjoyfQ.HI8uKm6Ym21GgWc9J8rKNdhdMhG_Qksl_VWvFi15V-w}}
[GIN] 2024/05/25 - 22:33:24 | 200 |    132.9504ms |       127.0.0.1 | POST     "/api/sign-up"
2024/05/25 22:33:24.383176 impl/authAsserts.go:76 | WARNING | cache disabled
2024/05/25 22:33:24.516243 impl/auth.go:176 | WARNING | cache disabled
2024/05/25 22:33:24.516617 api/response.go:14 | TRACE | {{eyJhbGciOiJIUzI1NiIsInR5cCI6IkpXVCJ9.eyJleHAiOjE3MTY2NTEyMTksInVzZXItaWQiOjIzLCJwdXJwb3NlIjoxfQ.P-Grk0rIO11gAIMpq1iH_FcmqHWDV0HbmyB8JOuri9k eyJhbGciOiJIUzI1NiIsInR5cCI6IkpXVCJ9.eyJleHAiOjE3MTcyNTYwMDQsInVzZXItaWQiOjIzLCJwdXJwb3NlIjoyfQ.7gYXNwh7-SJfqw1E6VB_98zHcP1nYPkbU7rZPbRrXqU}}
[GIN] 2024/05/25 - 22:33:24 | 200 |    133.9577ms |       127.0.0.1 | POST     "/api/sign-up"
2024/05/25 22:33:24.517637 impl/authAsserts.go:76 | WARNING | cache disabled
2024/05/25 22:33:24.651854 impl/auth.go:176 | WARNING | cache disabled
2024/05/25 22:33:24.652362 api/response.go:14 | TRACE | {{eyJhbGciOiJIUzI1NiIsInR5cCI6IkpXVCJ9.eyJleHAiOjE3MTY2NTEyMTksInVzZXItaWQiOjI0LCJwdXJwb3NlIjoxfQ.iCXWJqIhmfYcUPX1DkdwtbO1aHboovTFdXOYCxE7B1E eyJhbGciOiJIUzI1NiIsInR5cCI6IkpXVCJ9.eyJleHAiOjE3MTcyNTYwMDQsInVzZXItaWQiOjI0LCJwdXJwb3NlIjoyfQ.1dbTgu3WTucWSsbdQLclSxcs0ESIYfkS_hcT_0aHUYo}}
[GIN] 2024/05/25 - 22:33:24 | 200 |    135.0144ms |       127.0.0.1 | POST     "/api/sign-up"
2024/05/25 22:33:24.653160 impl/authAsserts.go:76 | WARNING | cache disabled
2024/05/25 22:33:24.784365 impl/auth.go:176 | WARNING | cache disabled
2024/05/25 22:33:24.784908 api/response.go:14 | TRACE | {{eyJhbGciOiJIUzI1NiIsInR5cCI6IkpXVCJ9.eyJleHAiOjE3MTY2NTEyMTksInVzZXItaWQiOjI1LCJwdXJwb3NlIjoxfQ.KppCWBvUcsoC7PN1J7JQD-YcnBTJbK-H_eNx4ngqmOQ eyJhbGciOiJIUzI1NiIsInR5cCI6IkpXVCJ9.eyJleHAiOjE3MTcyNTYwMDQsInVzZXItaWQiOjI1LCJwdXJwb3NlIjoyfQ.f8YRxf3pbXv2u2rACiemGhg9rDDxkfTEsbWgPJYBBwI}}
[GIN] 2024/05/25 - 22:33:24 | 200 |    131.7473ms |       127.0.0.1 | POST     "/api/sign-up"
2024/05/25 22:33:24.785951 impl/authAsserts.go:76 | WARNING | cache disabled
2024/05/25 22:33:24.934570 impl/auth.go:176 | WARNING | cache disabled
2024/05/25 22:33:24.935438 api/response.go:14 | TRACE | {{eyJhbGciOiJIUzI1NiIsInR5cCI6IkpXVCJ9.eyJleHAiOjE3MTY2NTEyMTksInVzZXItaWQiOjI2LCJwdXJwb3NlIjoxfQ.evJfXkOl9Qm7OdkNA_IZA3exrgzmYfB-IivI6ZDUgDQ eyJhbGciOiJIUzI1NiIsInR5cCI6IkpXVCJ9.eyJleHAiOjE3MTcyNTYwMDQsInVzZXItaWQiOjI2LCJwdXJwb3NlIjoyfQ.HlwFjfgrV5U5KhPM83O7jFvj5exAwJqfAcZO_fcYbE8}}
[GIN] 2024/05/25 - 22:33:24 | 200 |     149.561ms |       127.0.0.1 | POST     "/api/sign-up"
2024/05/25 22:33:24.936018 impl/authAsserts.go:76 | WARNING | cache disabled
2024/05/25 22:33:25.062579 impl/auth.go:176 | WARNING | cache disabled
2024/05/25 22:33:25.062579 api/response.go:14 | TRACE | {{eyJhbGciOiJIUzI1NiIsInR5cCI6IkpXVCJ9.eyJleHAiOjE3MTY2NTEyMjAsInVzZXItaWQiOjI3LCJwdXJwb3NlIjoxfQ.xFEOSRCiVQhG52SfWt9KDWNNz1vqdMqrAjrGyXf56Fs eyJhbGciOiJIUzI1NiIsInR5cCI6IkpXVCJ9.eyJleHAiOjE3MTcyNTYwMDUsInVzZXItaWQiOjI3LCJwdXJwb3NlIjoyfQ.dD3vpc13mkGXKKE1ngpnYiuql-xzpPt8028J-NBQ9oc}}
[GIN] 2024/05/25 - 22:33:25 | 200 |    126.5609ms |       127.0.0.1 | POST     "/api/sign-up"
2024/05/25 22:33:25.063582 impl/authAsserts.go:76 | WARNING | cache disabled
2024/05/25 22:33:25.228575 impl/auth.go:176 | WARNING | cache disabled
2024/05/25 22:33:25.229633 api/response.go:14 | TRACE | {{eyJhbGciOiJIUzI1NiIsInR5cCI6IkpXVCJ9.eyJleHAiOjE3MTY2NTEyMjAsInVzZXItaWQiOjI4LCJwdXJwb3NlIjoxfQ.M_PMN_wYVFZTURN6qT0LYls3oIu_scJ-vFE7E8Wt35Y eyJhbGciOiJIUzI1NiIsInR5cCI6IkpXVCJ9.eyJleHAiOjE3MTcyNTYwMDUsInVzZXItaWQiOjI4LCJwdXJwb3NlIjoyfQ.8sSYJYOELkmXAyz6egO4UaXii7jVrYen5si0O7EmVLk}}
[GIN] 2024/05/25 - 22:33:25 | 200 |    166.0513ms |       127.0.0.1 | POST     "/api/sign-up"
2024/05/25 22:33:25.230697 impl/authAsserts.go:76 | WARNING | cache disabled
2024/05/25 22:33:25.376209 impl/auth.go:176 | WARNING | cache disabled
2024/05/25 22:33:25.376517 api/response.go:14 | TRACE | {{eyJhbGciOiJIUzI1NiIsInR5cCI6IkpXVCJ9.eyJleHAiOjE3MTY2NTEyMjAsInVzZXItaWQiOjI5LCJwdXJwb3NlIjoxfQ.z_ZUP-2mvJ2Am0vyHcTxywc5AWgn_nU7ziWw9a-yHM4 eyJhbGciOiJIUzI1NiIsInR5cCI6IkpXVCJ9.eyJleHAiOjE3MTcyNTYwMDUsInVzZXItaWQiOjI5LCJwdXJwb3NlIjoyfQ.QzKHyBVfbqDdQEDzIF9x2YDcubaWyY1c3zxsVi0Dp4Y}}
[GIN] 2024/05/25 - 22:33:25 | 200 |    146.3577ms |       127.0.0.1 | POST     "/api/sign-up"
2024/05/25 22:33:25.377997 impl/authAsserts.go:76 | WARNING | cache disabled
2024/05/25 22:33:25.498446 impl/auth.go:176 | WARNING | cache disabled
2024/05/25 22:33:25.499446 api/response.go:14 | TRACE | {{eyJhbGciOiJIUzI1NiIsInR5cCI6IkpXVCJ9.eyJleHAiOjE3MTY2NTEyMjAsInVzZXItaWQiOjMwLCJwdXJwb3NlIjoxfQ.7moWVfLNjH7a7nqgSJdEfEmNKor2XGfQAifQAbz5B_4 eyJhbGciOiJIUzI1NiIsInR5cCI6IkpXVCJ9.eyJleHAiOjE3MTcyNTYwMDUsInVzZXItaWQiOjMwLCJwdXJwb3NlIjoyfQ.Q58nJSqVS3SN6dkKnsah6K5TVPNkuoVSQAchPYbiE3w}}
[GIN] 2024/05/25 - 22:33:25 | 200 |     121.852ms |       127.0.0.1 | POST     "/api/sign-up"
2024/05/25 22:33:25.500446 impl/authAsserts.go:76 | WARNING | cache disabled
2024/05/25 22:33:25.630566 impl/auth.go:176 | WARNING | cache disabled
2024/05/25 22:33:25.630908 api/response.go:14 | TRACE | {{eyJhbGciOiJIUzI1NiIsInR5cCI6IkpXVCJ9.eyJleHAiOjE3MTY2NTEyMjAsInVzZXItaWQiOjMxLCJwdXJwb3NlIjoxfQ.dEII7QrF-f2OZBkgBC4eT7f6QEuYs54g43vsebkB6B8 eyJhbGciOiJIUzI1NiIsInR5cCI6IkpXVCJ9.eyJleHAiOjE3MTcyNTYwMDUsInVzZXItaWQiOjMxLCJwdXJwb3NlIjoyfQ.id4RNo-P-KAIMQIBxaBCr1Em8Siq3Gcpb6Il9zhP5lo}}
[GIN] 2024/05/25 - 22:33:25 | 200 |    130.9876ms |       127.0.0.1 | POST     "/api/sign-up"
2024/05/25 22:33:25.631938 impl/authAsserts.go:76 | WARNING | cache disabled
2024/05/25 22:33:25.754555 impl/auth.go:176 | WARNING | cache disabled
2024/05/25 22:33:25.754927 api/response.go:14 | TRACE | {{eyJhbGciOiJIUzI1NiIsInR5cCI6IkpXVCJ9.eyJleHAiOjE3MTY2NTEyMjAsInVzZXItaWQiOjMyLCJwdXJwb3NlIjoxfQ.6Q4fA0YKZwL__STciBmO09VH9PlHCWPZEXR7qQZtSV8 eyJhbGciOiJIUzI1NiIsInR5cCI6IkpXVCJ9.eyJleHAiOjE3MTcyNTYwMDUsInVzZXItaWQiOjMyLCJwdXJwb3NlIjoyfQ.YbyvxIKFaQwilneVRmhHGzp0GunH1fjr2t44D_yaNNY}}
[GIN] 2024/05/25 - 22:33:25 | 200 |    122.9888ms |       127.0.0.1 | POST     "/api/sign-up"
2024/05/25 22:33:25.756289 impl/authAsserts.go:76 | WARNING | cache disabled
2024/05/25 22:33:25.899807 impl/auth.go:176 | WARNING | cache disabled
2024/05/25 22:33:25.900335 api/response.go:14 | TRACE | {{eyJhbGciOiJIUzI1NiIsInR5cCI6IkpXVCJ9.eyJleHAiOjE3MTY2NTEyMjAsInVzZXItaWQiOjMzLCJwdXJwb3NlIjoxfQ.JBrHN5E56PiDF5cUwJEo-SfVWG6HlKWXJkDgdcuaNE8 eyJhbGciOiJIUzI1NiIsInR5cCI6IkpXVCJ9.eyJleHAiOjE3MTcyNTYwMDUsInVzZXItaWQiOjMzLCJwdXJwb3NlIjoyfQ.RQm31cLxb4mCQLmTnhCf-9LUHl4lZHsTO8UijkDNFTo}}
[GIN] 2024/05/25 - 22:33:25 | 200 |    144.3804ms |       127.0.0.1 | POST     "/api/sign-up"
2024/05/25 22:33:25.901394 impl/authAsserts.go:76 | WARNING | cache disabled
2024/05/25 22:33:26.032795 impl/auth.go:176 | WARNING | cache disabled
2024/05/25 22:33:26.033694 api/response.go:14 | TRACE | {{eyJhbGciOiJIUzI1NiIsInR5cCI6IkpXVCJ9.eyJleHAiOjE3MTY2NTEyMjEsInVzZXItaWQiOjM0LCJwdXJwb3NlIjoxfQ.6TfHEZMdXr1udL2ygQK_gh4r6Z97jE2gKczkVw5TYZY eyJhbGciOiJIUzI1NiIsInR5cCI6IkpXVCJ9.eyJleHAiOjE3MTcyNTYwMDYsInVzZXItaWQiOjM0LCJwdXJwb3NlIjoyfQ.hyiTKwnET2UOpvE-SKH9GE6EUDt0-RxfkUA7Mew2y54}}
[GIN] 2024/05/25 - 22:33:26 | 200 |    132.2996ms |       127.0.0.1 | POST     "/api/sign-up"
2024/05/25 22:33:26.034200 impl/authAsserts.go:76 | WARNING | cache disabled
2024/05/25 22:33:26.158326 impl/auth.go:176 | WARNING | cache disabled
2024/05/25 22:33:26.159180 api/response.go:14 | TRACE | {{eyJhbGciOiJIUzI1NiIsInR5cCI6IkpXVCJ9.eyJleHAiOjE3MTY2NTEyMjEsInVzZXItaWQiOjM1LCJwdXJwb3NlIjoxfQ.Rtfyd1s2vcodwDD2kSaTOe0wRzIUsL3BkbBiQlQX2Cw eyJhbGciOiJIUzI1NiIsInR5cCI6IkpXVCJ9.eyJleHAiOjE3MTcyNTYwMDYsInVzZXItaWQiOjM1LCJwdXJwb3NlIjoyfQ.M1mQ-ga0SHHUaKudQltXdRRyd5rB_sbUEIk2vkEu7Qo}}
[GIN] 2024/05/25 - 22:33:26 | 200 |     125.007ms |       127.0.0.1 | POST     "/api/sign-up"
2024/05/25 22:33:26.159713 impl/authAsserts.go:76 | WARNING | cache disabled
2024/05/25 22:33:26.292968 impl/auth.go:176 | WARNING | cache disabled
2024/05/25 22:33:26.293508 api/response.go:14 | TRACE | {{eyJhbGciOiJIUzI1NiIsInR5cCI6IkpXVCJ9.eyJleHAiOjE3MTY2NTEyMjEsInVzZXItaWQiOjM2LCJwdXJwb3NlIjoxfQ.U1uQu3_Kybsxo0VFxe61B14hOvrkyz25c414yppPVOw eyJhbGciOiJIUzI1NiIsInR5cCI6IkpXVCJ9.eyJleHAiOjE3MTcyNTYwMDYsInVzZXItaWQiOjM2LCJwdXJwb3NlIjoyfQ.akrOi1uA7_GQ_sUgbIlS3sq_eF8fm5FBMD6r_HE6h8o}}
[GIN] 2024/05/25 - 22:33:26 | 200 |    133.7953ms |       127.0.0.1 | POST     "/api/sign-up"
2024/05/25 22:33:26.294545 impl/authAsserts.go:76 | WARNING | cache disabled
2024/05/25 22:33:26.418414 impl/auth.go:176 | WARNING | cache disabled
2024/05/25 22:33:26.419278 api/response.go:14 | TRACE | {{eyJhbGciOiJIUzI1NiIsInR5cCI6IkpXVCJ9.eyJleHAiOjE3MTY2NTEyMjEsInVzZXItaWQiOjM3LCJwdXJwb3NlIjoxfQ.UB0a8KNtXCxiU2v0I5ziFMJLEvQC6jPE1SHB8DkxGEU eyJhbGciOiJIUzI1NiIsInR5cCI6IkpXVCJ9.eyJleHAiOjE3MTcyNTYwMDYsInVzZXItaWQiOjM3LCJwdXJwb3NlIjoyfQ.8V43jv3VGX62VbUV-UGgpeKjEoVVjHFQZ0o_3R2TM4g}}
[GIN] 2024/05/25 - 22:33:26 | 200 |    124.7327ms |       127.0.0.1 | POST     "/api/sign-up"
2024/05/25 22:33:26.420194 impl/authAsserts.go:76 | WARNING | cache disabled
2024/05/25 22:33:26.539030 impl/auth.go:176 | WARNING | cache disabled
2024/05/25 22:33:26.539614 api/response.go:14 | TRACE | {{eyJhbGciOiJIUzI1NiIsInR5cCI6IkpXVCJ9.eyJleHAiOjE3MTY2NTEyMjEsInVzZXItaWQiOjM4LCJwdXJwb3NlIjoxfQ.EmDlD8MO2HWq9eSpa5aHVFEyjdLvFD7I96iNWxPi9NQ eyJhbGciOiJIUzI1NiIsInR5cCI6IkpXVCJ9.eyJleHAiOjE3MTcyNTYwMDYsInVzZXItaWQiOjM4LCJwdXJwb3NlIjoyfQ.gYc4x1B3zA9ndrUwJU0hCXKnb6zChNjSnCKHvg661S0}}
[GIN] 2024/05/25 - 22:33:26 | 200 |    119.8291ms |       127.0.0.1 | POST     "/api/sign-up"
2024/05/25 22:33:26.540120 impl/authAsserts.go:76 | WARNING | cache disabled
2024/05/25 22:33:26.664887 impl/auth.go:176 | WARNING | cache disabled
2024/05/25 22:33:26.665456 api/response.go:14 | TRACE | {{eyJhbGciOiJIUzI1NiIsInR5cCI6IkpXVCJ9.eyJleHAiOjE3MTY2NTEyMjEsInVzZXItaWQiOjM5LCJwdXJwb3NlIjoxfQ.kDaC-XjE2xfNi9NkgErfKTFl0YoOK_P29Ig26mBEd4A eyJhbGciOiJIUzI1NiIsInR5cCI6IkpXVCJ9.eyJleHAiOjE3MTcyNTYwMDYsInVzZXItaWQiOjM5LCJwdXJwb3NlIjoyfQ.odfxUH9ZS9Vo6tIOK44W97QWMcXQ5F8j3E1zr3leEM4}}
[GIN] 2024/05/25 - 22:33:26 | 200 |    125.3357ms |       127.0.0.1 | POST     "/api/sign-up"
2024/05/25 22:33:26.665961 impl/authAsserts.go:76 | WARNING | cache disabled
2024/05/25 22:33:26.782518 impl/auth.go:176 | WARNING | cache disabled
2024/05/25 22:33:26.783045 api/response.go:14 | TRACE | {{eyJhbGciOiJIUzI1NiIsInR5cCI6IkpXVCJ9.eyJleHAiOjE3MTY2NTEyMjEsInVzZXItaWQiOjQwLCJwdXJwb3NlIjoxfQ.sc9kH49kA7GkP2y5XpTWqytVtaODJXbmDf5B54_-C-0 eyJhbGciOiJIUzI1NiIsInR5cCI6IkpXVCJ9.eyJleHAiOjE3MTcyNTYwMDYsInVzZXItaWQiOjQwLCJwdXJwb3NlIjoyfQ.h3E5tMVNFX_lr-4DxWDWcHVLOdjv0EZj9Fz4ITUGBbM}}
[GIN] 2024/05/25 - 22:33:26 | 200 |    117.0841ms |       127.0.0.1 | POST     "/api/sign-up"
2024/05/25 22:33:26.783552 impl/authAsserts.go:76 | WARNING | cache disabled
2024/05/25 22:33:26.922766 impl/auth.go:176 | WARNING | cache disabled
2024/05/25 22:33:26.923759 api/response.go:14 | TRACE | {{eyJhbGciOiJIUzI1NiIsInR5cCI6IkpXVCJ9.eyJleHAiOjE3MTY2NTEyMjEsInVzZXItaWQiOjQxLCJwdXJwb3NlIjoxfQ.SdpP9SBH9OV9BrloPF7QrDXfoQlY2gn2luaIiY8FAQk eyJhbGciOiJIUzI1NiIsInR5cCI6IkpXVCJ9.eyJleHAiOjE3MTcyNTYwMDYsInVzZXItaWQiOjQxLCJwdXJwb3NlIjoyfQ.XZZHV4jxpFDtEajPM-brGSvbOr8BvkiMzG_ykbtnPPA}}
[GIN] 2024/05/25 - 22:33:26 | 200 |    140.3486ms |       127.0.0.1 | POST     "/api/sign-up"
2024/05/25 22:33:26.927169 impl/authAsserts.go:57 | WARNING | cache disabled
2024/05/25 22:33:27.086265 api/auth.go:64 | TRACE | access token: eyJhbGciOiJIUzI1NiIsInR5cCI6IkpXVCJ9.eyJleHAiOjE3MTY2NTEyMjIsInVzZXItaWQiOjEsInB1cnBvc2UiOjF9.qYJMjKoqa4f46-MuVcdb_85QNgXgn3DkF5y_7jphEwg
2024/05/25 22:33:27.086733 api/auth.go:65 | TRACE | refresh token: eyJhbGciOiJIUzI1NiIsInR5cCI6IkpXVCJ9.eyJleHAiOjE3MTcyNTYwMDcsInVzZXItaWQiOjEsInB1cnBvc2UiOjJ9.O6ESkFPf1bg_QkISLUw0NMF94NncxKcDrgLRGTi9sEU
2024/05/25 22:33:27.086733 api/response.go:14 | TRACE | {{eyJhbGciOiJIUzI1NiIsInR5cCI6IkpXVCJ9.eyJleHAiOjE3MTY2NTEyMjIsInVzZXItaWQiOjEsInB1cnBvc2UiOjF9.qYJMjKoqa4f46-MuVcdb_85QNgXgn3DkF5y_7jphEwg eyJhbGciOiJIUzI1NiIsInR5cCI6IkpXVCJ9.eyJleHAiOjE3MTcyNTYwMDcsInVzZXItaWQiOjEsInB1cnBvc2UiOjJ9.O6ESkFPf1bg_QkISLUw0NMF94NncxKcDrgLRGTi9sEU}}
[GIN] 2024/05/25 - 22:33:27 | 200 |    159.5635ms |       127.0.0.1 | POST     "/api/sign-in"
2024/05/25 22:33:27.087240 impl/authAsserts.go:57 | WARNING | cache disabled
2024/05/25 22:33:27.134949 api/auth.go:64 | TRACE | access token: eyJhbGciOiJIUzI1NiIsInR5cCI6IkpXVCJ9.eyJleHAiOjE3MTY2NTEyMjIsInVzZXItaWQiOjIsInB1cnBvc2UiOjF9.N0k-w_9bICg8ol1Vn5DahGaHUFNgrqtszjARziFdyLI
2024/05/25 22:33:27.134949 api/auth.go:65 | TRACE | refresh token: eyJhbGciOiJIUzI1NiIsInR5cCI6IkpXVCJ9.eyJleHAiOjE3MTcyNTYwMDcsInVzZXItaWQiOjIsInB1cnBvc2UiOjJ9.Ggumz1Gu1wmuBQGlAoMN1-Xll8MAL2ySnfLUl5irD2g
2024/05/25 22:33:27.134949 api/response.go:14 | TRACE | {{eyJhbGciOiJIUzI1NiIsInR5cCI6IkpXVCJ9.eyJleHAiOjE3MTY2NTEyMjIsInVzZXItaWQiOjIsInB1cnBvc2UiOjF9.N0k-w_9bICg8ol1Vn5DahGaHUFNgrqtszjARziFdyLI eyJhbGciOiJIUzI1NiIsInR5cCI6IkpXVCJ9.eyJleHAiOjE3MTcyNTYwMDcsInVzZXItaWQiOjIsInB1cnBvc2UiOjJ9.Ggumz1Gu1wmuBQGlAoMN1-Xll8MAL2ySnfLUl5irD2g}}
[GIN] 2024/05/25 - 22:33:27 | 200 |      47.709ms |       127.0.0.1 | POST     "/api/sign-in"
2024/05/25 22:33:27.135992 impl/authAsserts.go:57 | WARNING | cache disabled
2024/05/25 22:33:27.185078 api/auth.go:64 | TRACE | access token: eyJhbGciOiJIUzI1NiIsInR5cCI6IkpXVCJ9.eyJleHAiOjE3MTY2NTEyMjIsInVzZXItaWQiOjMsInB1cnBvc2UiOjF9.fUNPJKPqpVthk4bEfGbEYmtaQ-aNAsSU04d1NBl5JG4
2024/05/25 22:33:27.185601 api/auth.go:65 | TRACE | refresh token: eyJhbGciOiJIUzI1NiIsInR5cCI6IkpXVCJ9.eyJleHAiOjE3MTcyNTYwMDcsInVzZXItaWQiOjMsInB1cnBvc2UiOjJ9.5KPTO6dzLi2ShnrCqkuv9FsgjKDBl-dB_AHDQ5fMd-w
2024/05/25 22:33:27.185601 api/response.go:14 | TRACE | {{eyJhbGciOiJIUzI1NiIsInR5cCI6IkpXVCJ9.eyJleHAiOjE3MTY2NTEyMjIsInVzZXItaWQiOjMsInB1cnBvc2UiOjF9.fUNPJKPqpVthk4bEfGbEYmtaQ-aNAsSU04d1NBl5JG4 eyJhbGciOiJIUzI1NiIsInR5cCI6IkpXVCJ9.eyJleHAiOjE3MTcyNTYwMDcsInVzZXItaWQiOjMsInB1cnBvc2UiOjJ9.5KPTO6dzLi2ShnrCqkuv9FsgjKDBl-dB_AHDQ5fMd-w}}
[GIN] 2024/05/25 - 22:33:27 | 200 |     49.6092ms |       127.0.0.1 | POST     "/api/sign-in"
2024/05/25 22:33:27.186126 impl/authAsserts.go:57 | WARNING | cache disabled
2024/05/25 22:33:27.233341 api/auth.go:64 | TRACE | access token: eyJhbGciOiJIUzI1NiIsInR5cCI6IkpXVCJ9.eyJleHAiOjE3MTY2NTEyMjIsInVzZXItaWQiOjQsInB1cnBvc2UiOjF9.DlBQushHOPj6SRzr2Uivnv4VfuoOtGM0JsosT0EPync
2024/05/25 22:33:27.233590 api/auth.go:65 | TRACE | refresh token: eyJhbGciOiJIUzI1NiIsInR5cCI6IkpXVCJ9.eyJleHAiOjE3MTcyNTYwMDcsInVzZXItaWQiOjQsInB1cnBvc2UiOjJ9.Nk9huO1AwdQALRwj-czXbDcBlHmQMN2rO0jsqHRnmGk
2024/05/25 22:33:27.233590 api/response.go:14 | TRACE | {{eyJhbGciOiJIUzI1NiIsInR5cCI6IkpXVCJ9.eyJleHAiOjE3MTY2NTEyMjIsInVzZXItaWQiOjQsInB1cnBvc2UiOjF9.DlBQushHOPj6SRzr2Uivnv4VfuoOtGM0JsosT0EPync eyJhbGciOiJIUzI1NiIsInR5cCI6IkpXVCJ9.eyJleHAiOjE3MTcyNTYwMDcsInVzZXItaWQiOjQsInB1cnBvc2UiOjJ9.Nk9huO1AwdQALRwj-czXbDcBlHmQMN2rO0jsqHRnmGk}}
[GIN] 2024/05/25 - 22:33:27 | 200 |     47.4641ms |       127.0.0.1 | POST     "/api/sign-in"
2024/05/25 22:33:27.234639 impl/authAsserts.go:57 | WARNING | cache disabled
2024/05/25 22:33:27.279956 api/auth.go:64 | TRACE | access token: eyJhbGciOiJIUzI1NiIsInR5cCI6IkpXVCJ9.eyJleHAiOjE3MTY2NTEyMjIsInVzZXItaWQiOjUsInB1cnBvc2UiOjF9.Pg1qnCT1ic7zvZAJOipY_3Gp-gvS6MgNcGghwMjwldE
2024/05/25 22:33:27.280629 api/auth.go:65 | TRACE | refresh token: eyJhbGciOiJIUzI1NiIsInR5cCI6IkpXVCJ9.eyJleHAiOjE3MTcyNTYwMDcsInVzZXItaWQiOjUsInB1cnBvc2UiOjJ9.Qrtrwreole0T5acDh8ZX8TBOOGRxwy-lPNDn_BDXHPw
2024/05/25 22:33:27.280629 api/response.go:14 | TRACE | {{eyJhbGciOiJIUzI1NiIsInR5cCI6IkpXVCJ9.eyJleHAiOjE3MTY2NTEyMjIsInVzZXItaWQiOjUsInB1cnBvc2UiOjF9.Pg1qnCT1ic7zvZAJOipY_3Gp-gvS6MgNcGghwMjwldE eyJhbGciOiJIUzI1NiIsInR5cCI6IkpXVCJ9.eyJleHAiOjE3MTcyNTYwMDcsInVzZXItaWQiOjUsInB1cnBvc2UiOjJ9.Qrtrwreole0T5acDh8ZX8TBOOGRxwy-lPNDn_BDXHPw}}
[GIN] 2024/05/25 - 22:33:27 | 200 |     46.5325ms |       127.0.0.1 | POST     "/api/sign-in"
2024/05/25 22:33:27.281578 impl/authAsserts.go:57 | WARNING | cache disabled
2024/05/25 22:33:27.328849 api/auth.go:64 | TRACE | access token: eyJhbGciOiJIUzI1NiIsInR5cCI6IkpXVCJ9.eyJleHAiOjE3MTY2NTEyMjIsInVzZXItaWQiOjYsInB1cnBvc2UiOjF9.Bzcn40UH1LRtQwHdO2xmSago2he94QSK83kDdzfATzY
2024/05/25 22:33:27.329308 api/auth.go:65 | TRACE | refresh token: eyJhbGciOiJIUzI1NiIsInR5cCI6IkpXVCJ9.eyJleHAiOjE3MTcyNTYwMDcsInVzZXItaWQiOjYsInB1cnBvc2UiOjJ9.PdXbe4Pcjgfz7gNF4Fo3pDUEo_secx9gq96elIOEU_A
2024/05/25 22:33:27.329308 api/response.go:14 | TRACE | {{eyJhbGciOiJIUzI1NiIsInR5cCI6IkpXVCJ9.eyJleHAiOjE3MTY2NTEyMjIsInVzZXItaWQiOjYsInB1cnBvc2UiOjF9.Bzcn40UH1LRtQwHdO2xmSago2he94QSK83kDdzfATzY eyJhbGciOiJIUzI1NiIsInR5cCI6IkpXVCJ9.eyJleHAiOjE3MTcyNTYwMDcsInVzZXItaWQiOjYsInB1cnBvc2UiOjJ9.PdXbe4Pcjgfz7gNF4Fo3pDUEo_secx9gq96elIOEU_A}}
[GIN] 2024/05/25 - 22:33:27 | 200 |     48.1727ms |       127.0.0.1 | POST     "/api/sign-in"
2024/05/25 22:33:27.329815 impl/authAsserts.go:57 | WARNING | cache disabled
2024/05/25 22:33:27.377400 api/auth.go:64 | TRACE | access token: eyJhbGciOiJIUzI1NiIsInR5cCI6IkpXVCJ9.eyJleHAiOjE3MTY2NTEyMjIsInVzZXItaWQiOjcsInB1cnBvc2UiOjF9.5cHsP7NQb0awpxo75E0D8m3OceLoLBo6tnUYBUA6ILU
2024/05/25 22:33:27.377997 api/auth.go:65 | TRACE | refresh token: eyJhbGciOiJIUzI1NiIsInR5cCI6IkpXVCJ9.eyJleHAiOjE3MTcyNTYwMDcsInVzZXItaWQiOjcsInB1cnBvc2UiOjJ9.rrnIWciFRX8oXnxhlEy9ziRjituNwC_PDLJ1XmWI_PQ
2024/05/25 22:33:27.377997 api/response.go:14 | TRACE | {{eyJhbGciOiJIUzI1NiIsInR5cCI6IkpXVCJ9.eyJleHAiOjE3MTY2NTEyMjIsInVzZXItaWQiOjcsInB1cnBvc2UiOjF9.5cHsP7NQb0awpxo75E0D8m3OceLoLBo6tnUYBUA6ILU eyJhbGciOiJIUzI1NiIsInR5cCI6IkpXVCJ9.eyJleHAiOjE3MTcyNTYwMDcsInVzZXItaWQiOjcsInB1cnBvc2UiOjJ9.rrnIWciFRX8oXnxhlEy9ziRjituNwC_PDLJ1XmWI_PQ}}
[GIN] 2024/05/25 - 22:33:27 | 200 |     48.1824ms |       127.0.0.1 | POST     "/api/sign-in"
2024/05/25 22:33:27.378986 impl/authAsserts.go:57 | WARNING | cache disabled
2024/05/25 22:33:27.423963 api/auth.go:64 | TRACE | access token: eyJhbGciOiJIUzI1NiIsInR5cCI6IkpXVCJ9.eyJleHAiOjE3MTY2NTEyMjIsInVzZXItaWQiOjgsInB1cnBvc2UiOjF9.wPKIzVVgzqOkkVoidex46GENg4OVZJCnBhvLBmcNK4M
2024/05/25 22:33:27.424364 api/auth.go:65 | TRACE | refresh token: eyJhbGciOiJIUzI1NiIsInR5cCI6IkpXVCJ9.eyJleHAiOjE3MTcyNTYwMDcsInVzZXItaWQiOjgsInB1cnBvc2UiOjJ9.vfRdEh6HpfX6kzz_DWki_N-4_1TV6qvBAg3TQ9_aDTo
2024/05/25 22:33:27.424364 api/response.go:14 | TRACE | {{eyJhbGciOiJIUzI1NiIsInR5cCI6IkpXVCJ9.eyJleHAiOjE3MTY2NTEyMjIsInVzZXItaWQiOjgsInB1cnBvc2UiOjF9.wPKIzVVgzqOkkVoidex46GENg4OVZJCnBhvLBmcNK4M eyJhbGciOiJIUzI1NiIsInR5cCI6IkpXVCJ9.eyJleHAiOjE3MTcyNTYwMDcsInVzZXItaWQiOjgsInB1cnBvc2UiOjJ9.vfRdEh6HpfX6kzz_DWki_N-4_1TV6qvBAg3TQ9_aDTo}}
[GIN] 2024/05/25 - 22:33:27 | 200 |     45.8589ms |       127.0.0.1 | POST     "/api/sign-in"
2024/05/25 22:33:27.425374 impl/authAsserts.go:57 | WARNING | cache disabled
2024/05/25 22:33:27.470922 api/auth.go:64 | TRACE | access token: eyJhbGciOiJIUzI1NiIsInR5cCI6IkpXVCJ9.eyJleHAiOjE3MTY2NTEyMjIsInVzZXItaWQiOjksInB1cnBvc2UiOjF9.SLy-3RPEDI7MKPu5d2l_Oifq2KI5UsJKs6L6CMFdxIs
2024/05/25 22:33:27.471361 api/auth.go:65 | TRACE | refresh token: eyJhbGciOiJIUzI1NiIsInR5cCI6IkpXVCJ9.eyJleHAiOjE3MTcyNTYwMDcsInVzZXItaWQiOjksInB1cnBvc2UiOjJ9.0J5M_eBN78BysR8GbChQ7bPoRqZ7_7eLunWwttVJTxo
2024/05/25 22:33:27.471361 api/response.go:14 | TRACE | {{eyJhbGciOiJIUzI1NiIsInR5cCI6IkpXVCJ9.eyJleHAiOjE3MTY2NTEyMjIsInVzZXItaWQiOjksInB1cnBvc2UiOjF9.SLy-3RPEDI7MKPu5d2l_Oifq2KI5UsJKs6L6CMFdxIs eyJhbGciOiJIUzI1NiIsInR5cCI6IkpXVCJ9.eyJleHAiOjE3MTcyNTYwMDcsInVzZXItaWQiOjksInB1cnBvc2UiOjJ9.0J5M_eBN78BysR8GbChQ7bPoRqZ7_7eLunWwttVJTxo}}
[GIN] 2024/05/25 - 22:33:27 | 200 |     46.4912ms |       127.0.0.1 | POST     "/api/sign-in"
2024/05/25 22:33:27.472195 impl/authAsserts.go:57 | WARNING | cache disabled
2024/05/25 22:33:27.518595 api/auth.go:64 | TRACE | access token: eyJhbGciOiJIUzI1NiIsInR5cCI6IkpXVCJ9.eyJleHAiOjE3MTY2NTEyMjIsInVzZXItaWQiOjEwLCJwdXJwb3NlIjoxfQ.6ZtY-gYbS6-CLp572ZfrvvmPhNFBhQEIfbJUdAsl2Rs
2024/05/25 22:33:27.518998 api/auth.go:65 | TRACE | refresh token: eyJhbGciOiJIUzI1NiIsInR5cCI6IkpXVCJ9.eyJleHAiOjE3MTcyNTYwMDcsInVzZXItaWQiOjEwLCJwdXJwb3NlIjoyfQ.zdX8DfNQAep2l__HhLiFZfOspNvPzhx0QeCLBTFYrn0
2024/05/25 22:33:27.518998 api/response.go:14 | TRACE | {{eyJhbGciOiJIUzI1NiIsInR5cCI6IkpXVCJ9.eyJleHAiOjE3MTY2NTEyMjIsInVzZXItaWQiOjEwLCJwdXJwb3NlIjoxfQ.6ZtY-gYbS6-CLp572ZfrvvmPhNFBhQEIfbJUdAsl2Rs eyJhbGciOiJIUzI1NiIsInR5cCI6IkpXVCJ9.eyJleHAiOjE3MTcyNTYwMDcsInVzZXItaWQiOjEwLCJwdXJwb3NlIjoyfQ.zdX8DfNQAep2l__HhLiFZfOspNvPzhx0QeCLBTFYrn0}}
[GIN] 2024/05/25 - 22:33:27 | 200 |     47.1305ms |       127.0.0.1 | POST     "/api/sign-in"
2024/05/25 22:33:27.519887 impl/authAsserts.go:57 | WARNING | cache disabled
2024/05/25 22:33:27.567118 api/auth.go:64 | TRACE | access token: eyJhbGciOiJIUzI1NiIsInR5cCI6IkpXVCJ9.eyJleHAiOjE3MTY2NTEyMjIsInVzZXItaWQiOjExLCJwdXJwb3NlIjoxfQ.smnX-0dhm8RU8Iln1VyZxMQh96wJx6khkRNQnzJlY6Y
2024/05/25 22:33:27.567591 api/auth.go:65 | TRACE | refresh token: eyJhbGciOiJIUzI1NiIsInR5cCI6IkpXVCJ9.eyJleHAiOjE3MTcyNTYwMDcsInVzZXItaWQiOjExLCJwdXJwb3NlIjoyfQ.Wk0moGIuS8Pipwlapdfj-PsSUxdAkVne33wmyoPgMX0
2024/05/25 22:33:27.567591 api/response.go:14 | TRACE | {{eyJhbGciOiJIUzI1NiIsInR5cCI6IkpXVCJ9.eyJleHAiOjE3MTY2NTEyMjIsInVzZXItaWQiOjExLCJwdXJwb3NlIjoxfQ.smnX-0dhm8RU8Iln1VyZxMQh96wJx6khkRNQnzJlY6Y eyJhbGciOiJIUzI1NiIsInR5cCI6IkpXVCJ9.eyJleHAiOjE3MTcyNTYwMDcsInVzZXItaWQiOjExLCJwdXJwb3NlIjoyfQ.Wk0moGIuS8Pipwlapdfj-PsSUxdAkVne33wmyoPgMX0}}
[GIN] 2024/05/25 - 22:33:27 | 200 |     48.0873ms |       127.0.0.1 | POST     "/api/sign-in"
2024/05/25 22:33:27.568097 impl/authAsserts.go:57 | WARNING | cache disabled
2024/05/25 22:33:27.614810 api/auth.go:64 | TRACE | access token: eyJhbGciOiJIUzI1NiIsInR5cCI6IkpXVCJ9.eyJleHAiOjE3MTY2NTEyMjIsInVzZXItaWQiOjEsInB1cnBvc2UiOjF9.qYJMjKoqa4f46-MuVcdb_85QNgXgn3DkF5y_7jphEwg
2024/05/25 22:33:27.615437 api/auth.go:65 | TRACE | refresh token: eyJhbGciOiJIUzI1NiIsInR5cCI6IkpXVCJ9.eyJleHAiOjE3MTcyNTYwMDcsInVzZXItaWQiOjEsInB1cnBvc2UiOjJ9.O6ESkFPf1bg_QkISLUw0NMF94NncxKcDrgLRGTi9sEU
2024/05/25 22:33:27.615437 api/response.go:14 | TRACE | {{eyJhbGciOiJIUzI1NiIsInR5cCI6IkpXVCJ9.eyJleHAiOjE3MTY2NTEyMjIsInVzZXItaWQiOjEsInB1cnBvc2UiOjF9.qYJMjKoqa4f46-MuVcdb_85QNgXgn3DkF5y_7jphEwg eyJhbGciOiJIUzI1NiIsInR5cCI6IkpXVCJ9.eyJleHAiOjE3MTcyNTYwMDcsInVzZXItaWQiOjEsInB1cnBvc2UiOjJ9.O6ESkFPf1bg_QkISLUw0NMF94NncxKcDrgLRGTi9sEU}}
[GIN] 2024/05/25 - 22:33:27 | 200 |     47.3404ms |       127.0.0.1 | POST     "/api/sign-in"
2024/05/25 22:33:27.615945 api/response.go:34 | WARNING | empty request parameter
[GIN] 2024/05/25 - 22:33:27 | 400 |       467.7Âµs |       127.0.0.1 | POST     "/api/sign-in"
2024/05/25 22:33:27.616918 api/response.go:34 | WARNING | empty request parameter
[GIN] 2024/05/25 - 22:33:27 | 400 |       153.2Âµs |       127.0.0.1 | POST     "/api/sign-in"
2024/05/25 22:33:27.617661 api/auth.go:56 | WARNING | impl.(*AuthService).SignIn-fm
 with an error/in: incorrect password
	guilty side: 2 (client),
	client code: 1401
[GIN] 2024/05/25 - 22:33:27 | 400 |        82.4Âµs |       127.0.0.1 | POST     "/api/sign-in"
2024/05/25 22:33:27.618167 api/auth.go:56 | WARNING | impl.(*AuthService).SignIn-fm
 with an error/in: incorrect password
	guilty side: 2 (client),
	client code: 1401
[GIN] 2024/05/25 - 22:33:27 | 400 |       112.9Âµs |       127.0.0.1 | POST     "/api/sign-in"
2024/05/25 22:33:27.618808 api/auth.go:56 | WARNING | impl.(*AuthService).SignIn-fm
 with an error/in: incorrect password
	guilty side: 2 (client),
	client code: 1401
[GIN] 2024/05/25 - 22:33:27 | 400 |       527.5Âµs |       127.0.0.1 | POST     "/api/sign-in"
2024/05/25 22:33:27.619315 api/response.go:34 | WARNING | empty request parameter
[GIN] 2024/05/25 - 22:33:27 | 400 |            0s |       127.0.0.1 | POST     "/api/sign-in"
2024/05/25 22:33:27.619379 api/response.go:34 | WARNING | empty request parameter
[GIN] 2024/05/25 - 22:33:27 | 400 |       525.9Âµs |       127.0.0.1 | POST     "/api/sign-in"
2024/05/25 22:33:27.619905 api/response.go:34 | WARNING | empty request parameter
[GIN] 2024/05/25 - 22:33:27 | 400 |            0s |       127.0.0.1 | POST     "/api/sign-in"
2024/05/26 01:01:49.316960 app/app.go:190 | TRACE | trace
2024/05/26 01:01:49.349605 app/app.go:191 | DEBUG | debug
2024/05/26 01:01:49.349605 app/app.go:192 | INFO | info
2024/05/26 01:01:49.349605 app/app.go:193 | WARNING | warning
2024/05/26 01:01:49.350620 app/app.go:194 | ERROR | error
2024/05/26 01:01:49.350620 app/app.go:393 | INFO | msgs type: rabbit
2024/05/26 01:01:52.363626 New app failed. Err: app.NewApp
 with an error/in: app.NewApp
 with an error/in: rabbit.New
 with an error/in: Exception (403) Reason: "username or password not allowed"
2024/05/26 01:02:18.135528 app/app.go:190 | TRACE | trace
2024/05/26 01:02:18.154702 app/app.go:191 | DEBUG | debug
2024/05/26 01:02:18.154702 app/app.go:192 | INFO | info
2024/05/26 01:02:18.154702 app/app.go:193 | WARNING | warning
2024/05/26 01:02:18.154702 app/app.go:194 | ERROR | error
2024/05/26 01:02:18.154702 app/app.go:393 | INFO | msgs type: rabbit
2024/05/26 01:02:21.159720 New app failed. Err: app.NewApp
 with an error/in: app.NewApp
 with an error/in: rabbit.New
 with an error/in: Exception (403) Reason: "username or password not allowed"
2024/05/26 01:02:41.076606 app/app.go:190 | TRACE | trace
2024/05/26 01:02:41.094705 app/app.go:191 | DEBUG | debug
2024/05/26 01:02:41.094705 app/app.go:192 | INFO | info
2024/05/26 01:02:41.094705 app/app.go:193 | WARNING | warning
2024/05/26 01:02:41.094705 app/app.go:194 | ERROR | error
2024/05/26 01:02:41.095705 app/app.go:393 | INFO | msgs type: rabbit
2024/05/26 01:02:41.102592 app/app.go:204 | INFO | storage type: postgre
2024/05/26 01:02:41.171727 postgre/background.go:34 | TRACE | max query count: 2
2024/05/26 01:02:41.171727 postgre/background.go:35 | TRACE | max worker count: 2
2024/05/26 01:02:41.217727 postgre/background.go:50 | INFO | background storage has captured [2] conns
2024/05/26 01:02:41.279174 impl/auth.go:50 | TRACE | access token ttl: 15s
2024/05/26 01:02:41.279174 impl/auth.go:51 | TRACE | refresh token ttl: 168h0m0s
2024/05/26 01:02:41.279174 impl/authValidators.go:27 | INFO | password pattern: ^\S{8,}$
2024/05/26 01:02:41.279174 impl/authValidators.go:27 | INFO | login pattern: ^\w{6,32}$
2024/05/26 01:02:41.279174 impl/userProfileValidators.go:26 | INFO | username pattern: ^.{6,50}$
[GIN-debug] [WARNING] Creating an Engine instance with the Logger and Recovery middleware already attached.

[GIN-debug] [WARNING] Running in "debug" mode. Switch to "release" mode in production.
 - using env:	export GIN_MODE=release
 - using code:	gin.SetMode(gin.ReleaseMode)

[GIN-debug] GET    /ping                     --> geoqq_http/internal/delivery/http.NewHandler.func1 (3 handlers)
[GIN-debug] POST   /api/sign-in              --> geoqq_http/internal/delivery/http/api.(*Handler).postSignIn-fm (5 handlers)
[GIN-debug] POST   /api/sign-up              --> geoqq_http/internal/delivery/http/api.(*Handler).postSignUp-fm (5 handlers)
[GIN-debug] PUT    /api/sign-in              --> geoqq_http/internal/delivery/http/api.(*Handler).putSignIn-fm (5 handlers)
[GIN-debug] GET    /api/mate/chat            --> geoqq_http/internal/delivery/http/api.(*Handler).getMateChats-fm (7 handlers)
[GIN-debug] GET    /api/mate/chat/:id        --> geoqq_http/internal/delivery/http/api.(*Handler).getMateChat-fm (7 handlers)
[GIN-debug] DELETE /api/mate/chat/:id        --> geoqq_http/internal/delivery/http/api.(*Handler).deleteMateChat-fm (7 handlers)
[GIN-debug] GET    /api/mate/chat/:id/message --> geoqq_http/internal/delivery/http/api.(*Handler).getMateChatMessages-fm (8 handlers)
[GIN-debug] POST   /api/mate/chat/:id/message --> geoqq_http/internal/delivery/http/api.(*Handler).postMateChatMessage-fm (7 handlers)
[GIN-debug] GET    /api/mate/request         --> geoqq_http/internal/delivery/http/api.(*Handler).getMateRequests-fm (7 handlers)
[GIN-debug] GET    /api/mate/request/count   --> geoqq_http/internal/delivery/http/api.(*Handler).getMateRequestCount-fm (6 handlers)
[GIN-debug] POST   /api/mate/request         --> geoqq_http/internal/delivery/http/api.(*Handler).postMateRequest-fm (7 handlers)
[GIN-debug] PUT    /api/mate/request/:id     --> geoqq_http/internal/delivery/http/api.(*Handler).putMateRequest-fm (6 handlers)
[GIN-debug] GET    /api/my-profile           --> geoqq_http/internal/delivery/http/api.(*Handler).getMyProfile-fm (6 handlers)
[GIN-debug] PUT    /api/my-profile           --> geoqq_http/internal/delivery/http/api.(*Handler).putMyProfile-fm (8 handlers)
[GIN-debug] PUT    /api/my-profile/with-attached-avatar --> geoqq_http/internal/delivery/http/api.(*Handler).putMyProfileWithAttachedAvatar-fm (8 handlers)
[GIN-debug] DELETE /api/my-profile           --> geoqq_http/internal/delivery/http/api.(*Handler).deleteMyProfile-fm (6 handlers)
[GIN-debug] GET    /api/user/:id             --> geoqq_http/internal/delivery/http/api.(*Handler).getUser-fm (6 handlers)
[GIN-debug] POST   /api/user                 --> geoqq_http/internal/delivery/http/api.(*Handler).getSomeUsers-fm (7 handlers)
[GIN-debug] GET    /api/image/:id            --> geoqq_http/internal/delivery/http/api.(*Handler).getImage-fm (6 handlers)
[GIN-debug] POST   /api/image                --> geoqq_http/internal/delivery/http/api.(*Handler).postForGetSomeImages-fm (7 handlers)
[GIN-debug] POST   /api/image/new            --> geoqq_http/internal/delivery/http/api.(*Handler).postNewImage-fm (7 handlers)
[GIN-debug] GET    /api/geo/chat/message     --> geoqq_http/internal/delivery/http/api.(*Handler).getGeoChatMessages-fm (9 handlers)
[GIN-debug] GET    /api/geo/chat/message/all --> geoqq_http/internal/delivery/http/api.(*Handler).getGeoChatAllMessages-fm (8 handlers)
[GIN-debug] POST   /api/geo/chat/message     --> geoqq_http/internal/delivery/http/api.(*Handler).postGeoChatMessage-fm (7 handlers)
2024/05/26 01:02:41.287645 cmd/main.go:63 | INFO | Server Is Running
2024/05/26 01:04:42.482455 impl/authAsserts.go:57 | WARNING | cache disabled
2024/05/26 01:04:42.595807 api/auth.go:64 | TRACE | access token: eyJhbGciOiJIUzI1NiIsInR5cCI6IkpXVCJ9.eyJleHAiOjE3MTY2NjAyOTcsInVzZXItaWQiOjIsInB1cnBvc2UiOjF9.qLDRuOkmkAimOfwNNBZ_iXWtrG2t5WChJ6N0x3S--54
2024/05/26 01:04:42.595807 api/auth.go:65 | TRACE | refresh token: eyJhbGciOiJIUzI1NiIsInR5cCI6IkpXVCJ9.eyJleHAiOjE3MTcyNjUwODIsInVzZXItaWQiOjIsInB1cnBvc2UiOjJ9.UxzOXnxMEJ_47RB0x88jQZ1JaLJ7GgPelJhf2u8c28E
2024/05/26 01:04:42.595807 api/response.go:14 | TRACE | {{eyJhbGciOiJIUzI1NiIsInR5cCI6IkpXVCJ9.eyJleHAiOjE3MTY2NjAyOTcsInVzZXItaWQiOjIsInB1cnBvc2UiOjF9.qLDRuOkmkAimOfwNNBZ_iXWtrG2t5WChJ6N0x3S--54 eyJhbGciOiJIUzI1NiIsInR5cCI6IkpXVCJ9.eyJleHAiOjE3MTcyNjUwODIsInVzZXItaWQiOjIsInB1cnBvc2UiOjJ9.UxzOXnxMEJ_47RB0x88jQZ1JaLJ7GgPelJhf2u8c28E}}
[GIN] 2024/05/26 - 01:04:42 | 200 |    113.5838ms |   192.168.0.104 | POST     "/api/sign-in"
2024/05/26 01:04:42.658182 api/response.go:14 | TRACE | &{[]}
[GIN] 2024/05/26 - 01:04:42 | 200 |       6.999ms |   192.168.0.104 | GET      "/api/mate/chat?offset=0&count=20"
2024/05/26 01:04:42.660183 postgre/userBackground.go:49 | TRACE | update last action time for user 2
2024/05/26 01:04:43.934438 api/response.go:14 | TRACE | &{{2 test_user1 test_user1  4 {0}}}
[GIN] 2024/05/26 - 01:04:43 | 200 |      2.9859ms |   192.168.0.104 | GET      "/api/my-profile"
2024/05/26 01:04:43.935411 postgre/userBackground.go:49 | TRACE | update last action time for user 2
[GIN] 2024/05/26 - 01:04:48 | 200 |     11.8586ms |   192.168.0.104 | PUT      "/api/my-profile"
2024/05/26 01:04:48.079954 postgre/userBackground.go:49 | TRACE | update last action time for user 2
2024/05/26 17:40:53.597473 app/app.go:190 | TRACE | trace
2024/05/26 17:40:53.618701 app/app.go:191 | DEBUG | debug
2024/05/26 17:40:53.618701 app/app.go:192 | INFO | info
2024/05/26 17:40:53.618701 app/app.go:193 | WARNING | warning
2024/05/26 17:40:53.618701 app/app.go:194 | ERROR | error
2024/05/26 17:40:53.618701 app/app.go:393 | INFO | msgs type: rabbit
2024/05/26 17:40:53.655465 app/app.go:204 | INFO | storage type: postgre
2024/05/26 17:40:53.811298 postgre/background.go:34 | TRACE | max query count: 2
2024/05/26 17:40:53.812137 postgre/background.go:35 | TRACE | max worker count: 2
2024/05/26 17:40:53.855022 postgre/background.go:50 | INFO | background storage has captured [2] conns
2024/05/26 17:40:53.935449 impl/auth.go:50 | TRACE | access token ttl: 15s
2024/05/26 17:40:53.935449 impl/auth.go:51 | TRACE | refresh token ttl: 168h0m0s
2024/05/26 17:40:53.935449 impl/authValidators.go:27 | INFO | login pattern: ^\w{6,32}$
2024/05/26 17:40:53.935449 impl/authValidators.go:27 | INFO | password pattern: ^\S{8,}$
2024/05/26 17:40:53.935449 impl/userProfileValidators.go:26 | INFO | username pattern: ^.{6,50}$
[GIN-debug] [WARNING] Creating an Engine instance with the Logger and Recovery middleware already attached.

[GIN-debug] [WARNING] Running in "debug" mode. Switch to "release" mode in production.
 - using env:	export GIN_MODE=release
 - using code:	gin.SetMode(gin.ReleaseMode)

[GIN-debug] GET    /ping                     --> geoqq_http/internal/delivery/http.NewHandler.func1 (3 handlers)
[GIN-debug] POST   /api/sign-in              --> geoqq_http/internal/delivery/http/api.(*Handler).postSignIn-fm (5 handlers)
[GIN-debug] POST   /api/sign-up              --> geoqq_http/internal/delivery/http/api.(*Handler).postSignUp-fm (5 handlers)
[GIN-debug] PUT    /api/sign-in              --> geoqq_http/internal/delivery/http/api.(*Handler).putSignIn-fm (5 handlers)
[GIN-debug] GET    /api/mate/chat            --> geoqq_http/internal/delivery/http/api.(*Handler).getMateChats-fm (7 handlers)
[GIN-debug] GET    /api/mate/chat/:id        --> geoqq_http/internal/delivery/http/api.(*Handler).getMateChat-fm (7 handlers)
[GIN-debug] DELETE /api/mate/chat/:id        --> geoqq_http/internal/delivery/http/api.(*Handler).deleteMateChat-fm (7 handlers)
[GIN-debug] GET    /api/mate/chat/:id/message --> geoqq_http/internal/delivery/http/api.(*Handler).getMateChatMessages-fm (8 handlers)
[GIN-debug] POST   /api/mate/chat/:id/message --> geoqq_http/internal/delivery/http/api.(*Handler).postMateChatMessage-fm (7 handlers)
[GIN-debug] GET    /api/mate/request         --> geoqq_http/internal/delivery/http/api.(*Handler).getMateRequests-fm (7 handlers)
[GIN-debug] GET    /api/mate/request/count   --> geoqq_http/internal/delivery/http/api.(*Handler).getMateRequestCount-fm (6 handlers)
[GIN-debug] POST   /api/mate/request         --> geoqq_http/internal/delivery/http/api.(*Handler).postMateRequest-fm (7 handlers)
[GIN-debug] PUT    /api/mate/request/:id     --> geoqq_http/internal/delivery/http/api.(*Handler).putMateRequest-fm (6 handlers)
[GIN-debug] GET    /api/my-profile           --> geoqq_http/internal/delivery/http/api.(*Handler).getMyProfile-fm (6 handlers)
[GIN-debug] PUT    /api/my-profile           --> geoqq_http/internal/delivery/http/api.(*Handler).putMyProfile-fm (8 handlers)
[GIN-debug] PUT    /api/my-profile/with-attached-avatar --> geoqq_http/internal/delivery/http/api.(*Handler).putMyProfileWithAttachedAvatar-fm (8 handlers)
[GIN-debug] DELETE /api/my-profile           --> geoqq_http/internal/delivery/http/api.(*Handler).deleteMyProfile-fm (6 handlers)
[GIN-debug] GET    /api/user/:id             --> geoqq_http/internal/delivery/http/api.(*Handler).getUser-fm (6 handlers)
[GIN-debug] POST   /api/user                 --> geoqq_http/internal/delivery/http/api.(*Handler).getSomeUsers-fm (7 handlers)
[GIN-debug] GET    /api/image/:id            --> geoqq_http/internal/delivery/http/api.(*Handler).getImage-fm (6 handlers)
[GIN-debug] POST   /api/image                --> geoqq_http/internal/delivery/http/api.(*Handler).postForGetSomeImages-fm (7 handlers)
[GIN-debug] POST   /api/image/new            --> geoqq_http/internal/delivery/http/api.(*Handler).postNewImage-fm (7 handlers)
[GIN-debug] GET    /api/geo/chat/message     --> geoqq_http/internal/delivery/http/api.(*Handler).getGeoChatMessages-fm (9 handlers)
[GIN-debug] GET    /api/geo/chat/message/all --> geoqq_http/internal/delivery/http/api.(*Handler).getGeoChatAllMessages-fm (8 handlers)
[GIN-debug] POST   /api/geo/chat/message     --> geoqq_http/internal/delivery/http/api.(*Handler).postGeoChatMessage-fm (7 handlers)
2024/05/26 17:40:53.935973 cmd/main.go:63 | INFO | Server Is Running
